TpTrace Verbose: 0 : 42888, 1, 2024/02/24, 10:58:52.969, 5459793725371, vstest.console.dll, Version: 17.7.1-release-23418-01 Current process architecture: X64
TpTrace Verbose: 0 : 42888, 1, 2024/02/24, 10:58:52.973, 5459793762023, vstest.console.dll, Runtime location: C:\Program Files\dotnet\shared\Microsoft.NETCore.App\7.0.16
TpTrace Verbose: 0 : 42888, 1, 2024/02/24, 10:58:52.982, 5459793852063, vstest.console.dll, ArtifactProcessingPostProcessModeProcessorExecutor.Initialize: ArtifactProcessingMode.Collect
TpTrace Verbose: 0 : 42888, 1, 2024/02/24, 10:58:52.982, 5459793856358, vstest.console.dll, TestSessionCorrelationIdProcessorModeProcessorExecutor.Initialize: TestSessionCorrelationId '14284_19d002ee-37a9-4ec6-a136-5dae3dbd4876'
TpTrace Information: 0 : 42888, 1, 2024/02/24, 10:58:53.011, 5459794145740, vstest.console.dll, FilePatternParser: The given file C:\Users\user\Desktop\My-project\MovieSearch\MovieSearchBE\MovieSearch.Api\MovieSearchTesting\bin\Debug\net7.0\fine-code-coverage\build-output\MovieSearchTesting.dll is a full path.
TpTrace Verbose: 0 : 42888, 1, 2024/02/24, 10:58:53.041, 5459794443300, vstest.console.dll, TestPluginCache.DiscoverTestExtensions: finding test extensions in assemblies ends with: RuntimeProvider.dll TPluginInfo: Microsoft.VisualStudio.TestPlatform.Common.ExtensionFramework.Utilities.TestRuntimePluginInformation TExtension: Microsoft.VisualStudio.TestPlatform.ObjectModel.Host.ITestRuntimeProvider
TpTrace Verbose: 0 : 42888, 1, 2024/02/24, 10:58:53.042, 5459794453405, vstest.console.dll, TestPluginCache.GetExtensionPaths: Filtered extension paths: 
TpTrace Verbose: 0 : 42888, 1, 2024/02/24, 10:58:53.042, 5459794459599, vstest.console.dll, TestPluginCache.GetExtensionPaths: Added default extension paths: C:\Program Files\dotnet\sdk\7.0.402\Extensions\Microsoft.Diagnostics.NETCore.Client.dll
C:\Program Files\dotnet\sdk\7.0.402\Extensions\Microsoft.TestPlatform.Extensions.BlameDataCollector.dll
C:\Program Files\dotnet\sdk\7.0.402\Extensions\Microsoft.TestPlatform.Extensions.EventLogCollector.dll
C:\Program Files\dotnet\sdk\7.0.402\Extensions\Microsoft.TestPlatform.TestHostRuntimeProvider.dll
C:\Program Files\dotnet\sdk\7.0.402\Extensions\Microsoft.VisualStudio.TestPlatform.Extensions.Html.TestLogger.dll
C:\Program Files\dotnet\sdk\7.0.402\Extensions\Microsoft.VisualStudio.TestPlatform.Extensions.Trx.TestLogger.dll
TpTrace Verbose: 0 : 42888, 1, 2024/02/24, 10:58:53.042, 5459794461355, vstest.console.dll, TestPluginCache.GetExtensionPaths: Added unfilterableExtensionPaths: 
TpTrace Information: 0 : 42888, 1, 2024/02/24, 10:58:53.045, 5459794487026, vstest.console.dll, AssemblyResolver.ctor: Creating AssemblyResolver with searchDirectories C:\Program Files\dotnet\sdk\7.0.402\Extensions,C:\Program Files\dotnet\sdk\7.0.402
TpTrace Verbose: 0 : 42888, 1, 2024/02/24, 10:58:53.049, 5459794522209, vstest.console.dll, TestPluginCache.DiscoverTestExtensions: Discovering the extensions using extension path.
TpTrace Verbose: 0 : 42888, 1, 2024/02/24, 10:58:53.049, 5459794527948, vstest.console.dll, TestPluginCache.GetExtensionPaths: Filtered extension paths: 
TpTrace Verbose: 0 : 42888, 1, 2024/02/24, 10:58:53.049, 5459794529666, vstest.console.dll, TestPluginCache.GetExtensionPaths: Added default extension paths: C:\Program Files\dotnet\sdk\7.0.402\Extensions\Microsoft.Diagnostics.NETCore.Client.dll
C:\Program Files\dotnet\sdk\7.0.402\Extensions\Microsoft.TestPlatform.Extensions.BlameDataCollector.dll
C:\Program Files\dotnet\sdk\7.0.402\Extensions\Microsoft.TestPlatform.Extensions.EventLogCollector.dll
C:\Program Files\dotnet\sdk\7.0.402\Extensions\Microsoft.TestPlatform.TestHostRuntimeProvider.dll
C:\Program Files\dotnet\sdk\7.0.402\Extensions\Microsoft.VisualStudio.TestPlatform.Extensions.Html.TestLogger.dll
C:\Program Files\dotnet\sdk\7.0.402\Extensions\Microsoft.VisualStudio.TestPlatform.Extensions.Trx.TestLogger.dll
TpTrace Verbose: 0 : 42888, 1, 2024/02/24, 10:58:53.049, 5459794531107, vstest.console.dll, TestPluginCache.GetExtensionPaths: Added unfilterableExtensionPaths: 
TpTrace Verbose: 0 : 42888, 1, 2024/02/24, 10:58:53.050, 5459794535237, vstest.console.dll, TestPluginCache.DiscoverTestExtensions: Discovering the extensions using allExtensionPaths: C:\Program Files\dotnet\sdk\7.0.402\Extensions\Microsoft.Diagnostics.NETCore.Client.dll
C:\Program Files\dotnet\sdk\7.0.402\Extensions\Microsoft.TestPlatform.Extensions.BlameDataCollector.dll
C:\Program Files\dotnet\sdk\7.0.402\Extensions\Microsoft.TestPlatform.Extensions.EventLogCollector.dll
C:\Program Files\dotnet\sdk\7.0.402\Extensions\Microsoft.TestPlatform.TestHostRuntimeProvider.dll
C:\Program Files\dotnet\sdk\7.0.402\Extensions\Microsoft.VisualStudio.TestPlatform.Extensions.Html.TestLogger.dll
C:\Program Files\dotnet\sdk\7.0.402\Extensions\Microsoft.VisualStudio.TestPlatform.Extensions.Trx.TestLogger.dll
TpTrace Information: 0 : 42888, 1, 2024/02/24, 10:58:53.050, 5459794539500, vstest.console.dll, AssemblyResolver.AddSearchDirectories: Adding more searchDirectories C:\Program Files\dotnet\sdk\7.0.402\Extensions,C:\Program Files\dotnet\sdk\7.0.402
TpTrace Information: 0 : 42888, 1, 2024/02/24, 10:58:53.051, 5459794545192, vstest.console.dll, AssemblyResolver.AddSearchDirectories: Adding more searchDirectories C:\Program Files\dotnet\sdk\7.0.402\Extensions,C:\Program Files\dotnet\sdk\7.0.402
TpTrace Information: 0 : 42888, 1, 2024/02/24, 10:58:53.051, 5459794546973, vstest.console.dll, AssemblyResolver.AddSearchDirectories: Adding more searchDirectories C:\Program Files\dotnet\sdk\7.0.402\Extensions,C:\Program Files\dotnet\sdk\7.0.402
TpTrace Information: 0 : 42888, 1, 2024/02/24, 10:58:53.051, 5459794548477, vstest.console.dll, AssemblyResolver.AddSearchDirectories: Adding more searchDirectories C:\Program Files\dotnet\sdk\7.0.402\Extensions,C:\Program Files\dotnet\sdk\7.0.402
TpTrace Information: 0 : 42888, 1, 2024/02/24, 10:58:53.051, 5459794549834, vstest.console.dll, AssemblyResolver.AddSearchDirectories: Adding more searchDirectories C:\Program Files\dotnet\sdk\7.0.402\Extensions,C:\Program Files\dotnet\sdk\7.0.402
TpTrace Information: 0 : 42888, 1, 2024/02/24, 10:58:53.051, 5459794551155, vstest.console.dll, AssemblyResolver.AddSearchDirectories: Adding more searchDirectories C:\Program Files\dotnet\sdk\7.0.402\Extensions,C:\Program Files\dotnet\sdk\7.0.402
TpTrace Information: 0 : 42888, 1, 2024/02/24, 10:58:53.053, 5459794562760, vstest.console.dll, AssemblyResolver.OnResolve: Microsoft.Diagnostics.NETCore.Client: Resolving assembly.
TpTrace Information: 0 : 42888, 1, 2024/02/24, 10:58:53.053, 5459794565614, vstest.console.dll, AssemblyResolver.OnResolve: Microsoft.Diagnostics.NETCore.Client: Searching in: 'C:\Program Files\dotnet\sdk\7.0.402\Extensions'.
TpTrace Information: 0 : 42888, 1, 2024/02/24, 10:58:53.091, 5459794945700, vstest.console.dll, AssemblyResolver.OnResolve: Microsoft.Diagnostics.NETCore.Client: Loading assembly 'C:\Program Files\dotnet\sdk\7.0.402\Extensions\Microsoft.Diagnostics.NETCore.Client.dll'.
TpTrace Information: 0 : 42888, 1, 2024/02/24, 10:58:53.093, 5459794963791, vstest.console.dll, AssemblyResolver.OnResolve: Resolved assembly: Microsoft.Diagnostics.NETCore.Client, from path: C:\Program Files\dotnet\sdk\7.0.402\Extensions\Microsoft.Diagnostics.NETCore.Client.dll
TpTrace Verbose: 0 : 42888, 1, 2024/02/24, 10:58:53.096, 5459794995996, vstest.console.dll, MetadataReaderExtensionsHelper: Discovering extensions inside assembly 'Microsoft.Diagnostics.NETCore.Client, Version=0.2.8.21101, Culture=neutral, PublicKeyToken=31bf3856ad364e35' file path 'C:\Program Files\dotnet\sdk\7.0.402\Extensions\Microsoft.Diagnostics.NETCore.Client.dll'
TpTrace Information: 0 : 42888, 1, 2024/02/24, 10:58:53.119, 5459795226312, vstest.console.dll, AssemblyResolver.OnResolve: Microsoft.Bcl.AsyncInterfaces: Resolving assembly.
TpTrace Information: 0 : 42888, 1, 2024/02/24, 10:58:53.119, 5459795230865, vstest.console.dll, AssemblyResolver.OnResolve: Microsoft.Bcl.AsyncInterfaces: Searching in: 'C:\Program Files\dotnet\sdk\7.0.402\Extensions'.
TpTrace Information: 0 : 42888, 1, 2024/02/24, 10:58:53.120, 5459795238017, vstest.console.dll, AssemblyResolver.OnResolve: Microsoft.Bcl.AsyncInterfaces: Assembly path does not exist: 'C:\Program Files\dotnet\sdk\7.0.402\Extensions\Microsoft.Bcl.AsyncInterfaces.dll', returning.
TpTrace Information: 0 : 42888, 1, 2024/02/24, 10:58:53.120, 5459795241555, vstest.console.dll, AssemblyResolver.OnResolve: Microsoft.Bcl.AsyncInterfaces: Assembly path does not exist: 'C:\Program Files\dotnet\sdk\7.0.402\Extensions\Microsoft.Bcl.AsyncInterfaces.exe', returning.
TpTrace Information: 0 : 42888, 1, 2024/02/24, 10:58:53.121, 5459795243217, vstest.console.dll, AssemblyResolver.OnResolve: Microsoft.Bcl.AsyncInterfaces: Searching in: 'C:\Program Files\dotnet\sdk\7.0.402'.
TpTrace Information: 0 : 42888, 1, 2024/02/24, 10:58:53.121, 5459795245284, vstest.console.dll, AssemblyResolver.OnResolve: Microsoft.Bcl.AsyncInterfaces: Assembly path does not exist: 'C:\Program Files\dotnet\sdk\7.0.402\Microsoft.Bcl.AsyncInterfaces.dll', returning.
TpTrace Information: 0 : 42888, 1, 2024/02/24, 10:58:53.121, 5459795247667, vstest.console.dll, AssemblyResolver.OnResolve: Microsoft.Bcl.AsyncInterfaces: Assembly path does not exist: 'C:\Program Files\dotnet\sdk\7.0.402\Microsoft.Bcl.AsyncInterfaces.exe', returning.
TpTrace Information: 0 : 42888, 1, 2024/02/24, 10:58:53.121, 5459795249051, vstest.console.dll, AssemblyResolver.OnResolve: Microsoft.Bcl.AsyncInterfaces: Failed to load assembly.
TpTrace Verbose: 0 : 42888, 1, 2024/02/24, 10:58:53.121, 5459795250516, vstest.console.dll, CurrentDomainAssemblyResolve: Resolving assembly 'Microsoft.Bcl.AsyncInterfaces'.
TpTrace Information: 0 : 42888, 1, 2024/02/24, 10:58:53.122, 5459795256122, vstest.console.dll, AssemblyResolver.OnResolve: Microsoft.Bcl.AsyncInterfaces: Resolving assembly.
TpTrace Information: 0 : 42888, 1, 2024/02/24, 10:58:53.122, 5459795258286, vstest.console.dll, AssemblyResolver.OnResolve: Microsoft.Bcl.AsyncInterfaces: Resolved from cache.
TpTrace Verbose: 0 : 42888, 1, 2024/02/24, 10:58:53.122, 5459795259969, vstest.console.dll, CurrentDomainAssemblyResolve: Resolving assembly 'Microsoft.Bcl.AsyncInterfaces'.
TpTrace Verbose: 0 : 42888, 1, 2024/02/24, 10:58:53.122, 5459795261684, vstest.console.dll, CurrentDomainAssemblyResolve: Failed to resolve assembly 'Microsoft.Bcl.AsyncInterfaces'.
TpTrace Verbose: 0 : 42888, 1, 2024/02/24, 10:58:53.126, 5459795297154, vstest.console.dll, CurrentDomainAssemblyResolve: Failed to resolve assembly 'Microsoft.Bcl.AsyncInterfaces'.
TpTrace Warning: 0 : 42888, 1, 2024/02/24, 10:58:53.177, 5459795807587, vstest.console.dll, TestPluginDiscoverer: Failed to get types from assembly 'Microsoft.Diagnostics.NETCore.Client, Version=0.2.8.21101, Culture=neutral, PublicKeyToken=31bf3856ad364e35'. Error: System.Reflection.ReflectionTypeLoadException: Unable to load one or more of the requested types.
Could not load file or assembly 'Microsoft.Bcl.AsyncInterfaces, Version=1.0.0.0, Culture=neutral, PublicKeyToken=cc7b13ffcd2ddd51'. The system cannot find the file specified.
   at System.Reflection.RuntimeModule.GetTypes(RuntimeModule module)
   at System.Reflection.Assembly.GetTypes()
   at Microsoft.VisualStudio.TestPlatform.Common.ExtensionFramework.TestPluginDiscoverer.GetTestExtensionsFromAssembly[TPluginInfo,TExtension](Assembly assembly, Dictionary`2 pluginInfos, String filePath) in /_/src/Microsoft.TestPlatform.Common/ExtensionFramework/TestPluginDiscoverer.cs:line 158
System.IO.FileNotFoundException: Could not load file or assembly 'Microsoft.Bcl.AsyncInterfaces, Version=1.0.0.0, Culture=neutral, PublicKeyToken=cc7b13ffcd2ddd51'. The system cannot find the file specified.
File name: 'Microsoft.Bcl.AsyncInterfaces, Version=1.0.0.0, Culture=neutral, PublicKeyToken=cc7b13ffcd2ddd51'
 ---> System.IO.FileNotFoundException: Could not load file or assembly 'Microsoft.Bcl.AsyncInterfaces, Culture=neutral, PublicKeyToken=null'. The system cannot find the file specified.
File name: 'Microsoft.Bcl.AsyncInterfaces, Culture=neutral, PublicKeyToken=null'
   at System.Reflection.RuntimeAssembly.InternalLoad(AssemblyName assemblyName, StackCrawlMark& stackMark, AssemblyLoadContext assemblyLoadContext, RuntimeAssembly requestingAssembly, Boolean throwOnFileNotFound)
   at System.Reflection.Assembly.Load(AssemblyName assemblyRef)
   at Microsoft.VisualStudio.TestPlatform.Common.ExtensionFramework.TestPluginCache.CurrentDomainAssemblyResolve(Object sender, AssemblyResolveEventArgs args) in /_/src/Microsoft.TestPlatform.Common/ExtensionFramework/TestPluginCache.cs:line 513
   at System.Runtime.Loader.AssemblyLoadContext.GetFirstResolvedAssemblyFromResolvingEvent(AssemblyName assemblyName)
   at System.Runtime.Loader.AssemblyLoadContext.ResolveUsingEvent(AssemblyName assemblyName)
   at System.Runtime.Loader.AssemblyLoadContext.ResolveUsingResolvingEvent(IntPtr gchManagedAssemblyLoadContext, AssemblyName assemblyName)
TpTrace Warning: 0 : 42888, 1, 2024/02/24, 10:58:53.181, 5459795842997, vstest.console.dll, LoaderExceptions: System.IO.FileNotFoundException: Could not load file or assembly 'Microsoft.Bcl.AsyncInterfaces, Version=1.0.0.0, Culture=neutral, PublicKeyToken=cc7b13ffcd2ddd51'. The system cannot find the file specified.
File name: 'Microsoft.Bcl.AsyncInterfaces, Version=1.0.0.0, Culture=neutral, PublicKeyToken=cc7b13ffcd2ddd51'
 ---> System.IO.FileNotFoundException: Could not load file or assembly 'Microsoft.Bcl.AsyncInterfaces, Culture=neutral, PublicKeyToken=null'. The system cannot find the file specified.
File name: 'Microsoft.Bcl.AsyncInterfaces, Culture=neutral, PublicKeyToken=null'
   at System.Reflection.RuntimeAssembly.InternalLoad(AssemblyName assemblyName, StackCrawlMark& stackMark, AssemblyLoadContext assemblyLoadContext, RuntimeAssembly requestingAssembly, Boolean throwOnFileNotFound)
   at System.Reflection.Assembly.Load(AssemblyName assemblyRef)
   at Microsoft.VisualStudio.TestPlatform.Common.ExtensionFramework.TestPluginCache.CurrentDomainAssemblyResolve(Object sender, AssemblyResolveEventArgs args) in /_/src/Microsoft.TestPlatform.Common/ExtensionFramework/TestPluginCache.cs:line 513
   at System.Runtime.Loader.AssemblyLoadContext.GetFirstResolvedAssemblyFromResolvingEvent(AssemblyName assemblyName)
   at System.Runtime.Loader.AssemblyLoadContext.ResolveUsingEvent(AssemblyName assemblyName)
   at System.Runtime.Loader.AssemblyLoadContext.ResolveUsingResolvingEvent(IntPtr gchManagedAssemblyLoadContext, AssemblyName assemblyName)
TpTrace Information: 0 : 42888, 1, 2024/02/24, 10:58:53.182, 5459795856746, vstest.console.dll, AssemblyResolver.OnResolve: Microsoft.TestPlatform.Extensions.BlameDataCollector: Resolving assembly.
TpTrace Information: 0 : 42888, 1, 2024/02/24, 10:58:53.182, 5459795858977, vstest.console.dll, AssemblyResolver.OnResolve: Microsoft.TestPlatform.Extensions.BlameDataCollector: Searching in: 'C:\Program Files\dotnet\sdk\7.0.402\Extensions'.
TpTrace Information: 0 : 42888, 1, 2024/02/24, 10:58:53.183, 5459795870543, vstest.console.dll, AssemblyResolver.OnResolve: Microsoft.TestPlatform.Extensions.BlameDataCollector: Loading assembly 'C:\Program Files\dotnet\sdk\7.0.402\Extensions\Microsoft.TestPlatform.Extensions.BlameDataCollector.dll'.
TpTrace Information: 0 : 42888, 1, 2024/02/24, 10:58:53.188, 5459795915768, vstest.console.dll, AssemblyResolver.OnResolve: Resolved assembly: Microsoft.TestPlatform.Extensions.BlameDataCollector, from path: C:\Program Files\dotnet\sdk\7.0.402\Extensions\Microsoft.TestPlatform.Extensions.BlameDataCollector.dll
TpTrace Verbose: 0 : 42888, 1, 2024/02/24, 10:58:53.188, 5459795919619, vstest.console.dll, MetadataReaderExtensionsHelper: Discovering extensions inside assembly 'Microsoft.TestPlatform.Extensions.BlameDataCollector, Version=15.0.0.0, Culture=neutral, PublicKeyToken=b03f5f7f11d50a3a' file path 'C:\Program Files\dotnet\sdk\7.0.402\Extensions\Microsoft.TestPlatform.Extensions.BlameDataCollector.dll'
TpTrace Information: 0 : 42888, 1, 2024/02/24, 10:58:53.202, 5459796053102, vstest.console.dll, AssemblyResolver.OnResolve: Microsoft.TestPlatform.Extensions.EventLogCollector: Resolving assembly.
TpTrace Information: 0 : 42888, 1, 2024/02/24, 10:58:53.202, 5459796056198, vstest.console.dll, AssemblyResolver.OnResolve: Microsoft.TestPlatform.Extensions.EventLogCollector: Searching in: 'C:\Program Files\dotnet\sdk\7.0.402\Extensions'.
TpTrace Information: 0 : 42888, 1, 2024/02/24, 10:58:53.203, 5459796070283, vstest.console.dll, AssemblyResolver.OnResolve: Microsoft.TestPlatform.Extensions.EventLogCollector: Loading assembly 'C:\Program Files\dotnet\sdk\7.0.402\Extensions\Microsoft.TestPlatform.Extensions.EventLogCollector.dll'.
TpTrace Information: 0 : 42888, 1, 2024/02/24, 10:58:53.205, 5459796084286, vstest.console.dll, AssemblyResolver.OnResolve: Resolved assembly: Microsoft.TestPlatform.Extensions.EventLogCollector, from path: C:\Program Files\dotnet\sdk\7.0.402\Extensions\Microsoft.TestPlatform.Extensions.EventLogCollector.dll
TpTrace Verbose: 0 : 42888, 1, 2024/02/24, 10:58:53.230, 5459796332731, vstest.console.dll, MetadataReaderExtensionsHelper: Discovering extensions inside assembly 'Microsoft.TestPlatform.Extensions.EventLogCollector, Version=15.0.0.0, Culture=neutral, PublicKeyToken=b03f5f7f11d50a3a' file path 'C:\Program Files\dotnet\sdk\7.0.402\Extensions\Microsoft.TestPlatform.Extensions.EventLogCollector.dll'
TpTrace Information: 0 : 42888, 1, 2024/02/24, 10:58:53.249, 5459796529237, vstest.console.dll, AssemblyResolver.OnResolve: Microsoft.TestPlatform.TestHostRuntimeProvider: Resolving assembly.
TpTrace Information: 0 : 42888, 1, 2024/02/24, 10:58:53.250, 5459796534615, vstest.console.dll, AssemblyResolver.OnResolve: Microsoft.TestPlatform.TestHostRuntimeProvider: Searching in: 'C:\Program Files\dotnet\sdk\7.0.402\Extensions'.
TpTrace Information: 0 : 42888, 1, 2024/02/24, 10:58:53.252, 5459796557401, vstest.console.dll, AssemblyResolver.OnResolve: Microsoft.TestPlatform.TestHostRuntimeProvider: Loading assembly 'C:\Program Files\dotnet\sdk\7.0.402\Extensions\Microsoft.TestPlatform.TestHostRuntimeProvider.dll'.
TpTrace Information: 0 : 42888, 1, 2024/02/24, 10:58:53.255, 5459796581790, vstest.console.dll, AssemblyResolver.OnResolve: Resolved assembly: Microsoft.TestPlatform.TestHostRuntimeProvider, from path: C:\Program Files\dotnet\sdk\7.0.402\Extensions\Microsoft.TestPlatform.TestHostRuntimeProvider.dll
TpTrace Verbose: 0 : 42888, 1, 2024/02/24, 10:58:53.256, 5459796594168, vstest.console.dll, MetadataReaderExtensionsHelper: Discovering extensions inside assembly 'Microsoft.TestPlatform.TestHostRuntimeProvider, Version=15.0.0.0, Culture=neutral, PublicKeyToken=b03f5f7f11d50a3a' file path 'C:\Program Files\dotnet\sdk\7.0.402\Extensions\Microsoft.TestPlatform.TestHostRuntimeProvider.dll'
TpTrace Information: 0 : 42888, 1, 2024/02/24, 10:58:53.268, 5459796713893, vstest.console.dll, GetTestExtensionFromType: Register extension with identifier data 'HostProvider://DefaultTestHost' and type 'Microsoft.VisualStudio.TestPlatform.CrossPlatEngine.Hosting.DefaultTestHostManager, Microsoft.TestPlatform.TestHostRuntimeProvider, Version=15.0.0.0, Culture=neutral, PublicKeyToken=b03f5f7f11d50a3a' inside file 'C:\Program Files\dotnet\sdk\7.0.402\Extensions\Microsoft.TestPlatform.TestHostRuntimeProvider.dll'
TpTrace Information: 0 : 42888, 1, 2024/02/24, 10:58:53.269, 5459796725167, vstest.console.dll, GetTestExtensionFromType: Register extension with identifier data 'HostProvider://DotnetTestHost' and type 'Microsoft.VisualStudio.TestPlatform.CrossPlatEngine.Hosting.DotnetTestHostManager, Microsoft.TestPlatform.TestHostRuntimeProvider, Version=15.0.0.0, Culture=neutral, PublicKeyToken=b03f5f7f11d50a3a' inside file 'C:\Program Files\dotnet\sdk\7.0.402\Extensions\Microsoft.TestPlatform.TestHostRuntimeProvider.dll'
TpTrace Information: 0 : 42888, 1, 2024/02/24, 10:58:53.269, 5459796729811, vstest.console.dll, AssemblyResolver.OnResolve: Microsoft.VisualStudio.TestPlatform.Extensions.Html.TestLogger: Resolving assembly.
TpTrace Information: 0 : 42888, 1, 2024/02/24, 10:58:53.270, 5459796734277, vstest.console.dll, AssemblyResolver.OnResolve: Microsoft.VisualStudio.TestPlatform.Extensions.Html.TestLogger: Searching in: 'C:\Program Files\dotnet\sdk\7.0.402\Extensions'.
TpTrace Information: 0 : 42888, 1, 2024/02/24, 10:58:53.272, 5459796752384, vstest.console.dll, AssemblyResolver.OnResolve: Microsoft.VisualStudio.TestPlatform.Extensions.Html.TestLogger: Loading assembly 'C:\Program Files\dotnet\sdk\7.0.402\Extensions\Microsoft.VisualStudio.TestPlatform.Extensions.Html.TestLogger.dll'.
TpTrace Information: 0 : 42888, 1, 2024/02/24, 10:58:53.276, 5459796796080, vstest.console.dll, AssemblyResolver.OnResolve: Resolved assembly: Microsoft.VisualStudio.TestPlatform.Extensions.Html.TestLogger, from path: C:\Program Files\dotnet\sdk\7.0.402\Extensions\Microsoft.VisualStudio.TestPlatform.Extensions.Html.TestLogger.dll
TpTrace Verbose: 0 : 42888, 1, 2024/02/24, 10:58:53.277, 5459796805209, vstest.console.dll, MetadataReaderExtensionsHelper: Discovering extensions inside assembly 'Microsoft.VisualStudio.TestPlatform.Extensions.Html.TestLogger, Version=15.0.0.0, Culture=neutral, PublicKeyToken=b03f5f7f11d50a3a' file path 'C:\Program Files\dotnet\sdk\7.0.402\Extensions\Microsoft.VisualStudio.TestPlatform.Extensions.Html.TestLogger.dll'
TpTrace Information: 0 : 42888, 1, 2024/02/24, 10:58:53.279, 5459796829390, vstest.console.dll, AssemblyResolver.OnResolve: Microsoft.VisualStudio.TestPlatform.Extensions.Trx.TestLogger: Resolving assembly.
TpTrace Information: 0 : 42888, 1, 2024/02/24, 10:58:53.280, 5459796832051, vstest.console.dll, AssemblyResolver.OnResolve: Microsoft.VisualStudio.TestPlatform.Extensions.Trx.TestLogger: Searching in: 'C:\Program Files\dotnet\sdk\7.0.402\Extensions'.
TpTrace Information: 0 : 42888, 1, 2024/02/24, 10:58:53.281, 5459796842209, vstest.console.dll, AssemblyResolver.OnResolve: Microsoft.VisualStudio.TestPlatform.Extensions.Trx.TestLogger: Loading assembly 'C:\Program Files\dotnet\sdk\7.0.402\Extensions\Microsoft.VisualStudio.TestPlatform.Extensions.Trx.TestLogger.dll'.
TpTrace Information: 0 : 42888, 1, 2024/02/24, 10:58:53.282, 5459796856691, vstest.console.dll, AssemblyResolver.OnResolve: Resolved assembly: Microsoft.VisualStudio.TestPlatform.Extensions.Trx.TestLogger, from path: C:\Program Files\dotnet\sdk\7.0.402\Extensions\Microsoft.VisualStudio.TestPlatform.Extensions.Trx.TestLogger.dll
TpTrace Verbose: 0 : 42888, 1, 2024/02/24, 10:58:53.282, 5459796860013, vstest.console.dll, MetadataReaderExtensionsHelper: Discovering extensions inside assembly 'Microsoft.VisualStudio.TestPlatform.Extensions.Trx.TestLogger, Version=15.0.0.0, Culture=neutral, PublicKeyToken=b03f5f7f11d50a3a' file path 'C:\Program Files\dotnet\sdk\7.0.402\Extensions\Microsoft.VisualStudio.TestPlatform.Extensions.Trx.TestLogger.dll'
TpTrace Verbose: 0 : 42888, 1, 2024/02/24, 10:58:53.286, 5459796896770, vstest.console.dll, TestPluginCache: Discovered the extensions using extension path ''.
TpTrace Verbose: 0 : 42888, 1, 2024/02/24, 10:58:53.286, 5459796899644, vstest.console.dll, TestPluginCache: Discoverers are ''.
TpTrace Verbose: 0 : 42888, 1, 2024/02/24, 10:58:53.286, 5459796901279, vstest.console.dll, TestPluginCache: Executors are ''.
TpTrace Verbose: 0 : 42888, 1, 2024/02/24, 10:58:53.287, 5459796902647, vstest.console.dll, TestPluginCache: Executors2 are ''.
TpTrace Verbose: 0 : 42888, 1, 2024/02/24, 10:58:53.287, 5459796904126, vstest.console.dll, TestPluginCache: Setting providers are ''.
TpTrace Verbose: 0 : 42888, 1, 2024/02/24, 10:58:53.287, 5459796905533, vstest.console.dll, TestPluginCache: Loggers are ''.
TpTrace Verbose: 0 : 42888, 1, 2024/02/24, 10:58:53.287, 5459796909928, vstest.console.dll, TestPluginCache: TestHosts are 'HostProvider://DefaultTestHost,HostProvider://DotnetTestHost'.
TpTrace Verbose: 0 : 42888, 1, 2024/02/24, 10:58:53.287, 5459796911616, vstest.console.dll, TestPluginCache: DataCollectors are ''.
TpTrace Information: 0 : 42888, 1, 2024/02/24, 10:58:53.332, 5459797360747, vstest.console.dll, RunTestsArgumentProcessor:Execute: Test run is starting.
TpTrace Verbose: 0 : 42888, 1, 2024/02/24, 10:58:53.333, 5459797363451, vstest.console.dll, RunTestsArgumentProcessor:Execute: Queuing Test run.
TpTrace Information: 0 : 42888, 1, 2024/02/24, 10:58:53.334, 5459797373963, vstest.console.dll, TestRequestManager.RunTests: run tests started.
TpTrace Information: 0 : 42888, 1, 2024/02/24, 10:58:53.486, 5459798898982, vstest.console.dll, AssemblyMetadataProvider.GetFrameworkName: Determined framework:'.NETCoreApp,Version=v7.0' for source: 'C:\Users\user\Desktop\My-project\MovieSearch\MovieSearchBE\MovieSearch.Api\MovieSearchTesting\bin\Debug\net7.0\fine-code-coverage\build-output\MovieSearchTesting.dll'
TpTrace Information: 0 : 42888, 1, 2024/02/24, 10:58:53.488, 5459798917200, vstest.console.dll, Determined framework for all sources: .NETCoreApp,Version=v7.0
TpTrace Verbose: 0 : 42888, 1, 2024/02/24, 10:58:53.544, 5459799477647, vstest.console.dll, TestRequestManager.UpdateRunSettingsIfRequired: Default architecture: X64 IsDefaultTargetArchitecture: True, Current process architecture: X64 OperatingSystem: Windows.
TpTrace Information: 0 : 42888, 1, 2024/02/24, 10:58:53.555, 5459799581996, vstest.console.dll, AssemblyMetadataProvider.GetArchitecture: Determined architecture:AnyCPU info for assembly: C:\Users\user\Desktop\My-project\MovieSearch\MovieSearchBE\MovieSearch.Api\MovieSearchTesting\bin\Debug\net7.0\fine-code-coverage\build-output\MovieSearchTesting.dll
TpTrace Information: 0 : 42888, 1, 2024/02/24, 10:58:53.555, 5459799590084, vstest.console.dll, Determined platform for source 'C:\Users\user\Desktop\My-project\MovieSearch\MovieSearchBE\MovieSearch.Api\MovieSearchTesting\bin\Debug\net7.0\fine-code-coverage\build-output\MovieSearchTesting.dll' was AnyCPU and it will use the default plaform X64.
TpTrace Information: 0 : 42888, 1, 2024/02/24, 10:58:53.556, 5459799593322, vstest.console.dll, None of the sources provided any runnable platform, using the default platform: X64
TpTrace Information: 0 : 42888, 1, 2024/02/24, 10:58:53.557, 5459799603591, vstest.console.dll, Platform was updated to 'X64'.
TpTrace Information: 0 : 42888, 1, 2024/02/24, 10:58:53.568, 5459799717088, vstest.console.dll, InferRunSettingsHelper.IsTestSettingsEnabled: Unable to navigate to RunSettings/MSTest. Current node: RunSettings
TpTrace Information: 0 : 42888, 1, 2024/02/24, 10:58:53.572, 5459799756912, vstest.console.dll, AssemblyResolver.OnResolve: Microsoft.VisualStudio.TestPlatform.Fakes: Resolving assembly.
TpTrace Information: 0 : 42888, 1, 2024/02/24, 10:58:53.572, 5459799760283, vstest.console.dll, AssemblyResolver.OnResolve: Microsoft.VisualStudio.TestPlatform.Fakes: Searching in: 'C:\Program Files\dotnet\sdk\7.0.402\Extensions'.
TpTrace Information: 0 : 42888, 1, 2024/02/24, 10:58:53.573, 5459799764551, vstest.console.dll, AssemblyResolver.OnResolve: Microsoft.VisualStudio.TestPlatform.Fakes: Assembly path does not exist: 'C:\Program Files\dotnet\sdk\7.0.402\Extensions\Microsoft.VisualStudio.TestPlatform.Fakes.dll', returning.
TpTrace Information: 0 : 42888, 1, 2024/02/24, 10:58:53.573, 5459799767209, vstest.console.dll, AssemblyResolver.OnResolve: Microsoft.VisualStudio.TestPlatform.Fakes: Assembly path does not exist: 'C:\Program Files\dotnet\sdk\7.0.402\Extensions\Microsoft.VisualStudio.TestPlatform.Fakes.exe', returning.
TpTrace Information: 0 : 42888, 1, 2024/02/24, 10:58:53.573, 5459799769000, vstest.console.dll, AssemblyResolver.OnResolve: Microsoft.VisualStudio.TestPlatform.Fakes: Searching in: 'C:\Program Files\dotnet\sdk\7.0.402'.
TpTrace Information: 0 : 42888, 1, 2024/02/24, 10:58:53.574, 5459799772201, vstest.console.dll, AssemblyResolver.OnResolve: Microsoft.VisualStudio.TestPlatform.Fakes: Assembly path does not exist: 'C:\Program Files\dotnet\sdk\7.0.402\Microsoft.VisualStudio.TestPlatform.Fakes.dll', returning.
TpTrace Information: 0 : 42888, 1, 2024/02/24, 10:58:53.574, 5459799774669, vstest.console.dll, AssemblyResolver.OnResolve: Microsoft.VisualStudio.TestPlatform.Fakes: Assembly path does not exist: 'C:\Program Files\dotnet\sdk\7.0.402\Microsoft.VisualStudio.TestPlatform.Fakes.exe', returning.
TpTrace Information: 0 : 42888, 1, 2024/02/24, 10:58:53.574, 5459799776991, vstest.console.dll, AssemblyResolver.OnResolve: Microsoft.VisualStudio.TestPlatform.Fakes: Failed to load assembly.
TpTrace Information: 0 : 42888, 1, 2024/02/24, 10:58:53.575, 5459799786757, vstest.console.dll, Failed to load assembly Microsoft.VisualStudio.TestPlatform.Fakes, Version=17.0.0.0, Culture=neutral. Reason:System.IO.FileNotFoundException: Could not load file or assembly 'Microsoft.VisualStudio.TestPlatform.Fakes, Version=17.0.0.0, Culture=neutral, PublicKeyToken=null'. The system cannot find the file specified.
File name: 'Microsoft.VisualStudio.TestPlatform.Fakes, Version=17.0.0.0, Culture=neutral, PublicKeyToken=null'
   at System.Reflection.RuntimeAssembly.InternalLoad(AssemblyName assemblyName, StackCrawlMark& stackMark, AssemblyLoadContext assemblyLoadContext, RuntimeAssembly requestingAssembly, Boolean throwOnFileNotFound)
   at System.Reflection.Assembly.Load(AssemblyName assemblyRef)
   at Microsoft.VisualStudio.TestPlatform.Common.Utilities.FakesUtilities.LoadTestPlatformAssembly() in /_/src/Microsoft.TestPlatform.Common/Utilities/FakesUtilities.cs:line 272
TpTrace Verbose: 0 : 42888, 1, 2024/02/24, 10:58:53.647, 5459800507987, vstest.console.dll, TestPluginCache.DiscoverTestExtensions: finding test extensions in assemblies ends with: TestLogger.dll TPluginInfo: Microsoft.VisualStudio.TestPlatform.Common.ExtensionFramework.Utilities.TestLoggerPluginInformation TExtension: Microsoft.VisualStudio.TestPlatform.ObjectModel.Client.ITestLogger
TpTrace Verbose: 0 : 42888, 1, 2024/02/24, 10:58:53.647, 5459800511341, vstest.console.dll, TestPluginCache.GetExtensionPaths: Filtered extension paths: 
TpTrace Verbose: 0 : 42888, 1, 2024/02/24, 10:58:53.648, 5459800513340, vstest.console.dll, TestPluginCache.GetExtensionPaths: Added default extension paths: C:\Program Files\dotnet\sdk\7.0.402\Extensions\Microsoft.Diagnostics.NETCore.Client.dll
C:\Program Files\dotnet\sdk\7.0.402\Extensions\Microsoft.TestPlatform.Extensions.BlameDataCollector.dll
C:\Program Files\dotnet\sdk\7.0.402\Extensions\Microsoft.TestPlatform.Extensions.EventLogCollector.dll
C:\Program Files\dotnet\sdk\7.0.402\Extensions\Microsoft.TestPlatform.TestHostRuntimeProvider.dll
C:\Program Files\dotnet\sdk\7.0.402\Extensions\Microsoft.VisualStudio.TestPlatform.Extensions.Html.TestLogger.dll
C:\Program Files\dotnet\sdk\7.0.402\Extensions\Microsoft.VisualStudio.TestPlatform.Extensions.Trx.TestLogger.dll
TpTrace Verbose: 0 : 42888, 1, 2024/02/24, 10:58:53.648, 5459800515349, vstest.console.dll, TestPluginCache.GetExtensionPaths: Added unfilterableExtensionPaths: 
TpTrace Information: 0 : 42888, 1, 2024/02/24, 10:58:53.648, 5459800519637, vstest.console.dll, AssemblyResolver.AddSearchDirectories: Adding more searchDirectories C:\Program Files\dotnet\sdk\7.0.402\Extensions,C:\Program Files\dotnet\sdk\7.0.402
TpTrace Verbose: 0 : 42888, 1, 2024/02/24, 10:58:53.648, 5459800521431, vstest.console.dll, TestPluginCache.DiscoverTestExtensions: Discovering the extensions using extension path.
TpTrace Verbose: 0 : 42888, 1, 2024/02/24, 10:58:53.649, 5459800524308, vstest.console.dll, TestPluginCache.GetExtensionPaths: Filtered extension paths: 
TpTrace Verbose: 0 : 42888, 1, 2024/02/24, 10:58:53.649, 5459800526601, vstest.console.dll, TestPluginCache.GetExtensionPaths: Added default extension paths: C:\Program Files\dotnet\sdk\7.0.402\Extensions\Microsoft.Diagnostics.NETCore.Client.dll
C:\Program Files\dotnet\sdk\7.0.402\Extensions\Microsoft.TestPlatform.Extensions.BlameDataCollector.dll
C:\Program Files\dotnet\sdk\7.0.402\Extensions\Microsoft.TestPlatform.Extensions.EventLogCollector.dll
C:\Program Files\dotnet\sdk\7.0.402\Extensions\Microsoft.TestPlatform.TestHostRuntimeProvider.dll
C:\Program Files\dotnet\sdk\7.0.402\Extensions\Microsoft.VisualStudio.TestPlatform.Extensions.Html.TestLogger.dll
C:\Program Files\dotnet\sdk\7.0.402\Extensions\Microsoft.VisualStudio.TestPlatform.Extensions.Trx.TestLogger.dll
TpTrace Verbose: 0 : 42888, 1, 2024/02/24, 10:58:53.649, 5459800528338, vstest.console.dll, TestPluginCache.GetExtensionPaths: Added unfilterableExtensionPaths: 
TpTrace Verbose: 0 : 42888, 1, 2024/02/24, 10:58:53.649, 5459800530153, vstest.console.dll, TestPluginCache.DiscoverTestExtensions: Discovering the extensions using allExtensionPaths: C:\Program Files\dotnet\sdk\7.0.402\Extensions\Microsoft.Diagnostics.NETCore.Client.dll
C:\Program Files\dotnet\sdk\7.0.402\Extensions\Microsoft.TestPlatform.Extensions.BlameDataCollector.dll
C:\Program Files\dotnet\sdk\7.0.402\Extensions\Microsoft.TestPlatform.Extensions.EventLogCollector.dll
C:\Program Files\dotnet\sdk\7.0.402\Extensions\Microsoft.TestPlatform.TestHostRuntimeProvider.dll
C:\Program Files\dotnet\sdk\7.0.402\Extensions\Microsoft.VisualStudio.TestPlatform.Extensions.Html.TestLogger.dll
C:\Program Files\dotnet\sdk\7.0.402\Extensions\Microsoft.VisualStudio.TestPlatform.Extensions.Trx.TestLogger.dll
TpTrace Information: 0 : 42888, 1, 2024/02/24, 10:58:53.650, 5459800533354, vstest.console.dll, AssemblyResolver.AddSearchDirectories: Adding more searchDirectories C:\Program Files\dotnet\sdk\7.0.402\Extensions,C:\Program Files\dotnet\sdk\7.0.402
TpTrace Information: 0 : 42888, 1, 2024/02/24, 10:58:53.650, 5459800535509, vstest.console.dll, AssemblyResolver.AddSearchDirectories: Adding more searchDirectories C:\Program Files\dotnet\sdk\7.0.402\Extensions,C:\Program Files\dotnet\sdk\7.0.402
TpTrace Information: 0 : 42888, 1, 2024/02/24, 10:58:53.650, 5459800537447, vstest.console.dll, AssemblyResolver.AddSearchDirectories: Adding more searchDirectories C:\Program Files\dotnet\sdk\7.0.402\Extensions,C:\Program Files\dotnet\sdk\7.0.402
TpTrace Information: 0 : 42888, 1, 2024/02/24, 10:58:53.650, 5459800539901, vstest.console.dll, AssemblyResolver.AddSearchDirectories: Adding more searchDirectories C:\Program Files\dotnet\sdk\7.0.402\Extensions,C:\Program Files\dotnet\sdk\7.0.402
TpTrace Information: 0 : 42888, 1, 2024/02/24, 10:58:53.650, 5459800541681, vstest.console.dll, AssemblyResolver.AddSearchDirectories: Adding more searchDirectories C:\Program Files\dotnet\sdk\7.0.402\Extensions,C:\Program Files\dotnet\sdk\7.0.402
TpTrace Information: 0 : 42888, 1, 2024/02/24, 10:58:53.651, 5459800543243, vstest.console.dll, AssemblyResolver.AddSearchDirectories: Adding more searchDirectories C:\Program Files\dotnet\sdk\7.0.402\Extensions,C:\Program Files\dotnet\sdk\7.0.402
TpTrace Verbose: 0 : 42888, 1, 2024/02/24, 10:58:53.651, 5459800546591, vstest.console.dll, MetadataReaderExtensionsHelper: Discovering extensions inside assembly 'Microsoft.Diagnostics.NETCore.Client, Version=0.2.8.21101, Culture=neutral, PublicKeyToken=31bf3856ad364e35' file path 'C:\Program Files\dotnet\sdk\7.0.402\Extensions\Microsoft.Diagnostics.NETCore.Client.dll'
TpTrace Information: 0 : 42888, 1, 2024/02/24, 10:58:53.653, 5459800566667, vstest.console.dll, AssemblyResolver.OnResolve: Microsoft.Bcl.AsyncInterfaces: Resolving assembly.
TpTrace Information: 0 : 42888, 1, 2024/02/24, 10:58:53.653, 5459800569191, vstest.console.dll, AssemblyResolver.OnResolve: Microsoft.Bcl.AsyncInterfaces: Resolved from cache.
TpTrace Verbose: 0 : 42888, 1, 2024/02/24, 10:58:53.653, 5459800570730, vstest.console.dll, CurrentDomainAssemblyResolve: Resolving assembly 'Microsoft.Bcl.AsyncInterfaces'.
TpTrace Information: 0 : 42888, 1, 2024/02/24, 10:58:53.654, 5459800573522, vstest.console.dll, AssemblyResolver.OnResolve: Microsoft.Bcl.AsyncInterfaces: Resolving assembly.
TpTrace Information: 0 : 42888, 1, 2024/02/24, 10:58:53.654, 5459800575954, vstest.console.dll, AssemblyResolver.OnResolve: Microsoft.Bcl.AsyncInterfaces: Resolved from cache.
TpTrace Verbose: 0 : 42888, 1, 2024/02/24, 10:58:53.654, 5459800577430, vstest.console.dll, CurrentDomainAssemblyResolve: Resolving assembly 'Microsoft.Bcl.AsyncInterfaces'.
TpTrace Verbose: 0 : 42888, 1, 2024/02/24, 10:58:53.654, 5459800578889, vstest.console.dll, CurrentDomainAssemblyResolve: Failed to resolve assembly 'Microsoft.Bcl.AsyncInterfaces'.
TpTrace Verbose: 0 : 42888, 1, 2024/02/24, 10:58:53.655, 5459800583370, vstest.console.dll, CurrentDomainAssemblyResolve: Failed to resolve assembly 'Microsoft.Bcl.AsyncInterfaces'.
TpTrace Warning: 0 : 42888, 1, 2024/02/24, 10:58:53.656, 5459800596264, vstest.console.dll, TestPluginDiscoverer: Failed to get types from assembly 'Microsoft.Diagnostics.NETCore.Client, Version=0.2.8.21101, Culture=neutral, PublicKeyToken=31bf3856ad364e35'. Error: System.Reflection.ReflectionTypeLoadException: Unable to load one or more of the requested types.
Could not load file or assembly 'Microsoft.Bcl.AsyncInterfaces, Version=1.0.0.0, Culture=neutral, PublicKeyToken=cc7b13ffcd2ddd51'. The system cannot find the file specified.
   at System.Reflection.RuntimeModule.GetTypes(RuntimeModule module)
   at System.Reflection.Assembly.GetTypes()
   at Microsoft.VisualStudio.TestPlatform.Common.ExtensionFramework.TestPluginDiscoverer.GetTestExtensionsFromAssembly[TPluginInfo,TExtension](Assembly assembly, Dictionary`2 pluginInfos, String filePath) in /_/src/Microsoft.TestPlatform.Common/ExtensionFramework/TestPluginDiscoverer.cs:line 158
System.IO.FileNotFoundException: Could not load file or assembly 'Microsoft.Bcl.AsyncInterfaces, Version=1.0.0.0, Culture=neutral, PublicKeyToken=cc7b13ffcd2ddd51'. The system cannot find the file specified.
File name: 'Microsoft.Bcl.AsyncInterfaces, Version=1.0.0.0, Culture=neutral, PublicKeyToken=cc7b13ffcd2ddd51'
 ---> System.IO.FileNotFoundException: Could not load file or assembly 'Microsoft.Bcl.AsyncInterfaces, Culture=neutral, PublicKeyToken=null'. The system cannot find the file specified.
File name: 'Microsoft.Bcl.AsyncInterfaces, Culture=neutral, PublicKeyToken=null'
   at System.Reflection.RuntimeAssembly.InternalLoad(AssemblyName assemblyName, StackCrawlMark& stackMark, AssemblyLoadContext assemblyLoadContext, RuntimeAssembly requestingAssembly, Boolean throwOnFileNotFound)
   at System.Reflection.Assembly.Load(AssemblyName assemblyRef)
   at Microsoft.VisualStudio.TestPlatform.Common.ExtensionFramework.TestPluginCache.CurrentDomainAssemblyResolve(Object sender, AssemblyResolveEventArgs args) in /_/src/Microsoft.TestPlatform.Common/ExtensionFramework/TestPluginCache.cs:line 513
   at System.Runtime.Loader.AssemblyLoadContext.GetFirstResolvedAssemblyFromResolvingEvent(AssemblyName assemblyName)
   at System.Runtime.Loader.AssemblyLoadContext.ResolveUsingEvent(AssemblyName assemblyName)
   at System.Runtime.Loader.AssemblyLoadContext.ResolveUsingResolvingEvent(IntPtr gchManagedAssemblyLoadContext, AssemblyName assemblyName)
TpTrace Warning: 0 : 42888, 1, 2024/02/24, 10:58:53.657, 5459800602416, vstest.console.dll, LoaderExceptions: System.IO.FileNotFoundException: Could not load file or assembly 'Microsoft.Bcl.AsyncInterfaces, Version=1.0.0.0, Culture=neutral, PublicKeyToken=cc7b13ffcd2ddd51'. The system cannot find the file specified.
File name: 'Microsoft.Bcl.AsyncInterfaces, Version=1.0.0.0, Culture=neutral, PublicKeyToken=cc7b13ffcd2ddd51'
 ---> System.IO.FileNotFoundException: Could not load file or assembly 'Microsoft.Bcl.AsyncInterfaces, Culture=neutral, PublicKeyToken=null'. The system cannot find the file specified.
File name: 'Microsoft.Bcl.AsyncInterfaces, Culture=neutral, PublicKeyToken=null'
   at System.Reflection.RuntimeAssembly.InternalLoad(AssemblyName assemblyName, StackCrawlMark& stackMark, AssemblyLoadContext assemblyLoadContext, RuntimeAssembly requestingAssembly, Boolean throwOnFileNotFound)
   at System.Reflection.Assembly.Load(AssemblyName assemblyRef)
   at Microsoft.VisualStudio.TestPlatform.Common.ExtensionFramework.TestPluginCache.CurrentDomainAssemblyResolve(Object sender, AssemblyResolveEventArgs args) in /_/src/Microsoft.TestPlatform.Common/ExtensionFramework/TestPluginCache.cs:line 513
   at System.Runtime.Loader.AssemblyLoadContext.GetFirstResolvedAssemblyFromResolvingEvent(AssemblyName assemblyName)
   at System.Runtime.Loader.AssemblyLoadContext.ResolveUsingEvent(AssemblyName assemblyName)
   at System.Runtime.Loader.AssemblyLoadContext.ResolveUsingResolvingEvent(IntPtr gchManagedAssemblyLoadContext, AssemblyName assemblyName)
TpTrace Verbose: 0 : 42888, 1, 2024/02/24, 10:58:53.657, 5459800605419, vstest.console.dll, MetadataReaderExtensionsHelper: Discovering extensions inside assembly 'Microsoft.TestPlatform.Extensions.BlameDataCollector, Version=15.0.0.0, Culture=neutral, PublicKeyToken=b03f5f7f11d50a3a' file path 'C:\Program Files\dotnet\sdk\7.0.402\Extensions\Microsoft.TestPlatform.Extensions.BlameDataCollector.dll'
TpTrace Information: 0 : 42888, 1, 2024/02/24, 10:58:53.658, 5459800620683, vstest.console.dll, GetTestExtensionFromType: Register extension with identifier data 'logger://Microsoft/TestPlatform/Extensions/Blame/v1' and type 'Microsoft.TestPlatform.Extensions.BlameDataCollector.BlameLogger, Microsoft.TestPlatform.Extensions.BlameDataCollector, Version=15.0.0.0, Culture=neutral, PublicKeyToken=b03f5f7f11d50a3a' inside file 'C:\Program Files\dotnet\sdk\7.0.402\Extensions\Microsoft.TestPlatform.Extensions.BlameDataCollector.dll'
TpTrace Verbose: 0 : 42888, 1, 2024/02/24, 10:58:53.659, 5459800623341, vstest.console.dll, MetadataReaderExtensionsHelper: Discovering extensions inside assembly 'Microsoft.TestPlatform.Extensions.EventLogCollector, Version=15.0.0.0, Culture=neutral, PublicKeyToken=b03f5f7f11d50a3a' file path 'C:\Program Files\dotnet\sdk\7.0.402\Extensions\Microsoft.TestPlatform.Extensions.EventLogCollector.dll'
TpTrace Verbose: 0 : 42888, 1, 2024/02/24, 10:58:53.669, 5459800722581, vstest.console.dll, MetadataReaderExtensionsHelper: Discovering extensions inside assembly 'Microsoft.TestPlatform.TestHostRuntimeProvider, Version=15.0.0.0, Culture=neutral, PublicKeyToken=b03f5f7f11d50a3a' file path 'C:\Program Files\dotnet\sdk\7.0.402\Extensions\Microsoft.TestPlatform.TestHostRuntimeProvider.dll'
TpTrace Verbose: 0 : 42888, 1, 2024/02/24, 10:58:53.672, 5459800754465, vstest.console.dll, MetadataReaderExtensionsHelper: Discovering extensions inside assembly 'Microsoft.VisualStudio.TestPlatform.Extensions.Html.TestLogger, Version=15.0.0.0, Culture=neutral, PublicKeyToken=b03f5f7f11d50a3a' file path 'C:\Program Files\dotnet\sdk\7.0.402\Extensions\Microsoft.VisualStudio.TestPlatform.Extensions.Html.TestLogger.dll'
TpTrace Information: 0 : 42888, 1, 2024/02/24, 10:58:53.675, 5459800783163, vstest.console.dll, GetTestExtensionFromType: Register extension with identifier data 'logger://Microsoft/TestPlatform/HtmlLogger/v1' and type 'Microsoft.VisualStudio.TestPlatform.Extensions.HtmlLogger.HtmlLogger, Microsoft.VisualStudio.TestPlatform.Extensions.Html.TestLogger, Version=15.0.0.0, Culture=neutral, PublicKeyToken=b03f5f7f11d50a3a' inside file 'C:\Program Files\dotnet\sdk\7.0.402\Extensions\Microsoft.VisualStudio.TestPlatform.Extensions.Html.TestLogger.dll'
TpTrace Verbose: 0 : 42888, 1, 2024/02/24, 10:58:53.675, 5459800787449, vstest.console.dll, MetadataReaderExtensionsHelper: Discovering extensions inside assembly 'Microsoft.VisualStudio.TestPlatform.Extensions.Trx.TestLogger, Version=15.0.0.0, Culture=neutral, PublicKeyToken=b03f5f7f11d50a3a' file path 'C:\Program Files\dotnet\sdk\7.0.402\Extensions\Microsoft.VisualStudio.TestPlatform.Extensions.Trx.TestLogger.dll'
TpTrace Information: 0 : 42888, 1, 2024/02/24, 10:58:53.678, 5459800816349, vstest.console.dll, GetTestExtensionFromType: Register extension with identifier data 'logger://Microsoft/TestPlatform/TrxLogger/v1' and type 'Microsoft.VisualStudio.TestPlatform.Extensions.TrxLogger.TrxLogger, Microsoft.VisualStudio.TestPlatform.Extensions.Trx.TestLogger, Version=15.0.0.0, Culture=neutral, PublicKeyToken=b03f5f7f11d50a3a' inside file 'C:\Program Files\dotnet\sdk\7.0.402\Extensions\Microsoft.VisualStudio.TestPlatform.Extensions.Trx.TestLogger.dll'
TpTrace Verbose: 0 : 42888, 1, 2024/02/24, 10:58:53.679, 5459800822024, vstest.console.dll, TestPluginCache: Discovered the extensions using extension path ''.
TpTrace Verbose: 0 : 42888, 1, 2024/02/24, 10:58:53.679, 5459800824429, vstest.console.dll, TestPluginCache: Discoverers are ''.
TpTrace Verbose: 0 : 42888, 1, 2024/02/24, 10:58:53.679, 5459800826726, vstest.console.dll, TestPluginCache: Executors are ''.
TpTrace Verbose: 0 : 42888, 1, 2024/02/24, 10:58:53.679, 5459800827932, vstest.console.dll, TestPluginCache: Executors2 are ''.
TpTrace Verbose: 0 : 42888, 1, 2024/02/24, 10:58:53.679, 5459800829236, vstest.console.dll, TestPluginCache: Setting providers are ''.
TpTrace Verbose: 0 : 42888, 1, 2024/02/24, 10:58:53.679, 5459800831617, vstest.console.dll, TestPluginCache: Loggers are 'logger://Microsoft/TestPlatform/Extensions/Blame/v1,logger://Microsoft/TestPlatform/HtmlLogger/v1,logger://Microsoft/TestPlatform/TrxLogger/v1'.
TpTrace Verbose: 0 : 42888, 1, 2024/02/24, 10:58:53.680, 5459800833381, vstest.console.dll, TestPluginCache: TestHosts are 'HostProvider://DefaultTestHost,HostProvider://DotnetTestHost'.
TpTrace Verbose: 0 : 42888, 1, 2024/02/24, 10:58:53.680, 5459800834802, vstest.console.dll, TestPluginCache: DataCollectors are ''.
TpTrace Information: 0 : 42888, 1, 2024/02/24, 10:58:53.682, 5459800861550, vstest.console.dll, TestPluginManager.CreateTestExtension: Attempting to load test extension: Microsoft.TestPlatform.Extensions.BlameDataCollector.BlameLogger
TpTrace Verbose: 0 : 42888, 1, 2024/02/24, 10:58:53.748, 5459801518137, vstest.console.dll, TestEngine: Initializing Parallel Execution as MaxCpuCount is set to: 1
TpTrace Information: 0 : 42888, 1, 2024/02/24, 10:58:53.757, 5459801608426, vstest.console.dll, TestPluginManager.CreateTestExtension: Attempting to load test extension: Microsoft.VisualStudio.TestPlatform.CrossPlatEngine.Hosting.DefaultTestHostManager
TpTrace Information: 0 : 42888, 1, 2024/02/24, 10:58:53.765, 5459801689592, vstest.console.dll, TestPluginManager.CreateTestExtension: Attempting to load test extension: Microsoft.VisualStudio.TestPlatform.CrossPlatEngine.Hosting.DotnetTestHostManager
TpTrace Information: 0 : 42888, 1, 2024/02/24, 10:58:53.768, 5459801711933, vstest.console.dll, InferRunSettingsHelper.IsTestSettingsEnabled: Unable to navigate to RunSettings/MSTest. Current node: RunSettings
TpTrace Verbose: 0 : 42888, 1, 2024/02/24, 10:58:53.780, 5459801831791, vstest.console.dll, ParallelOperationManager.ClearSlots: Clearing all slots. Slots should accept more work: True
TpTrace Verbose: 0 : 42888, 1, 2024/02/24, 10:58:53.784, 5459801881419, vstest.console.dll, ParallelOperationManager.SetOccupiedSlotCount: Setting slot counts AvailableSlotCount = 1, OccupiedSlotCount = 0.
TpTrace Verbose: 0 : 42888, 1, 2024/02/24, 10:58:53.788, 5459801911860, vstest.console.dll, Occupied slots:

TpTrace Verbose: 0 : 42888, 1, 2024/02/24, 10:58:53.809, 5459802127561, vstest.console.dll, TestEngine.GetExecutionManager: Chosen execution manager 'Microsoft.VisualStudio.TestPlatform.CrossPlatEngine.Client.Parallel.ParallelProxyExecutionManager, Microsoft.TestPlatform.CrossPlatEngine, Version=15.0.0.0, Culture=neutral, PublicKeyToken=b03f5f7f11d50a3a' ParallelLevel '1'.
TpTrace Verbose: 0 : 42888, 1, 2024/02/24, 10:58:53.810, 5459802132400, vstest.console.dll, TestRunRequest.ExecuteAsync: Creating test run request.
TpTrace Verbose: 0 : 42888, 1, 2024/02/24, 10:58:53.810, 5459802139685, vstest.console.dll, TestRunRequest.ExecuteAsync: Starting.
TpTrace Information: 0 : 42888, 1, 2024/02/24, 10:58:53.812, 5459802157479, vstest.console.dll, TestRunRequest.ExecuteAsync: Starting run with settings:TestRunCriteria:
   KeepAlive=False,FrequencyOfRunStatsChangeEvent=10,RunStatsChangeEventTimeout=00:00:01.5000000,TestCaseFilter=,TestExecutorLauncher=
   Settingsxml=<RunSettings>
  <RunConfiguration>
    <ResultsDirectory>C:\Users\user\Desktop\My-project\MovieSearch\MovieSearchBE\MovieSearch.Api\MovieSearchTesting\bin\Debug\net7.0\fine-code-coverage\coverage-tool-output</ResultsDirectory>
    <TargetPlatform>X64</TargetPlatform>
    <TargetFrameworkVersion>.NETCoreApp,Version=v7.0</TargetFrameworkVersion>
    <DesignMode>False</DesignMode>
    <CollectSourceInformation>False</CollectSourceInformation>
  </RunConfiguration>
  <LoggerRunSettings>
    <Loggers>
      <Logger friendlyName="blame" enabled="True" />
      <Logger friendlyName="Console" uri="logger://microsoft/TestPlatform/ConsoleLogger/v1" assemblyQualifiedName="Microsoft.VisualStudio.TestPlatform.CommandLine.Internal.ConsoleLogger, vstest.console, Version=15.0.0.0, Culture=neutral, PublicKeyToken=b03f5f7f11d50a3a" codeBase="C:\Program Files\dotnet\sdk\7.0.402\vstest.console.dll" enabled="True" />
    </Loggers>
  </LoggerRunSettings>
  <DataCollectionRunSettings>
    <DataCollectors>
      <DataCollector friendlyName="blame" enabled="True">
        <Configuration>
          <ResultsDirectory>C:\Users\user\Desktop\My-project\MovieSearch\MovieSearchBE\MovieSearch.Api\MovieSearchTesting\bin\Debug\net7.0\fine-code-coverage\coverage-tool-output</ResultsDirectory>
        </Configuration>
      </DataCollector>
    </DataCollectors>
  </DataCollectionRunSettings>
</RunSettings>

TpTrace Verbose: 0 : 42888, 1, 2024/02/24, 10:58:53.814, 5459802179531, vstest.console.dll, TestRunRequest.ExecuteAsync: Wait for the first run request is over.
TpTrace Verbose: 0 : 42888, 1, 2024/02/24, 10:58:53.818, 5459802215640, vstest.console.dll, MulticastDelegateUtilities.SafeInvoke: TestRun.TestRunStart: Invoking callbacks was skipped because there are no subscribers.
TpTrace Verbose: 0 : 42888, 4, 2024/02/24, 10:58:53.819, 5459802221981, vstest.console.dll, MulticastDelegateUtilities.SafeInvoke: InternalTestLoggerEvents.SendTestRunStart: Invoking callback 1/1 for Microsoft.VisualStudio.TestPlatform.CommandLine.Internal.ConsoleLogger., took 0 ms.
TpTrace Verbose: 0 : 42888, 1, 2024/02/24, 10:58:53.824, 5459802280944, vstest.console.dll, ParallelProxyExecutionManager: Start execution. Total sources: 1
TpTrace Verbose: 0 : 42888, 1, 2024/02/24, 10:58:53.826, 5459802297740, vstest.console.dll, ParallelOperationManager.StartWork: Starting adding 1 workloads.
TpTrace Verbose: 0 : 42888, 1, 2024/02/24, 10:58:53.827, 5459802302922, vstest.console.dll, ParallelOperationManager.ClearSlots: Clearing all slots. Slots should accept more work: True
TpTrace Verbose: 0 : 42888, 1, 2024/02/24, 10:58:53.827, 5459802306300, vstest.console.dll, ParallelOperationManager.SetOccupiedSlotCount: Setting slot counts AvailableSlotCount = 1, OccupiedSlotCount = 0.
TpTrace Verbose: 0 : 42888, 1, 2024/02/24, 10:58:53.827, 5459802308062, vstest.console.dll, Occupied slots:

TpTrace Verbose: 0 : 42888, 1, 2024/02/24, 10:58:53.832, 5459802356206, vstest.console.dll, TestRequestSender is acting as server.
TpTrace Verbose: 0 : 42888, 1, 2024/02/24, 10:58:53.836, 5459802401159, vstest.console.dll, ParallelOperationManager.RunWorkInParallel: Adding 1 workload to slot, remaining workloads 0.
TpTrace Verbose: 0 : 42888, 1, 2024/02/24, 10:58:53.837, 5459802403985, vstest.console.dll, ParallelOperationManager.SetOccupiedSlotCount: Setting slot counts AvailableSlotCount = 0, OccupiedSlotCount = 1.
TpTrace Verbose: 0 : 42888, 1, 2024/02/24, 10:58:53.837, 5459802407534, vstest.console.dll, Occupied slots:
0: C:\Users\user\Desktop\My-project\MovieSearch\MovieSearchBE\MovieSearch.Api\MovieSearchTesting\bin\Debug\net7.0\fine-code-coverage\build-output\MovieSearchTesting.dll
TpTrace Verbose: 0 : 42888, 1, 2024/02/24, 10:58:53.844, 5459802473748, vstest.console.dll, ParallelOperationManager.RunWorkInParallel: Started host in slot number 0 for work (source): C:\Users\user\Desktop\My-project\MovieSearch\MovieSearchBE\MovieSearch.Api\MovieSearchTesting\bin\Debug\net7.0\fine-code-coverage\build-output\MovieSearchTesting.dll.
TpTrace Verbose: 0 : 42888, 5, 2024/02/24, 10:58:53.869, 5459802725849, vstest.console.dll, ParallelProxyExecutionManager.StartTestRunOnConcurrentManager: Initializing uninitialized client. Started clients: 0
TpTrace Verbose: 0 : 42888, 1, 2024/02/24, 10:58:53.869, 5459802729846, vstest.console.dll, ParallelOperationManager.RunWorkInParallel: We started 1 work items, which is the max parallel level. Won't start more work.
TpTrace Verbose: 0 : 42888, 5, 2024/02/24, 10:58:53.869, 5459802730497, vstest.console.dll, DataCollectionRequestSender.InitializeCommunication : Initialize communication. 
TpTrace Verbose: 0 : 42888, 1, 2024/02/24, 10:58:53.872, 5459802751942, vstest.console.dll, ParallelOperationManager.RunWorkInParallel: We started 1 work items in here, returning True.
TpTrace Information: 0 : 42888, 1, 2024/02/24, 10:58:53.872, 5459802755029, vstest.console.dll, TestRunRequest.ExecuteAsync: Started.
TpTrace Verbose: 0 : 42888, 1, 2024/02/24, 10:58:53.873, 5459802771331, vstest.console.dll, TestRunRequest.WaitForCompletion: Waiting with timeout -1.
TpTrace Information: 0 : 42888, 5, 2024/02/24, 10:58:53.884, 5459802874433, vstest.console.dll, Listening on Endpoint : 127.0.0.1:49792
TpTrace Verbose: 0 : 42888, 5, 2024/02/24, 10:58:53.934, 5459803372389, vstest.console.dll, DotnetDataCollectionLauncher: Adding  --runtimeconfig "C:\Program Files\dotnet\sdk\7.0.402\datacollector.runtimeconfig.json" in args
TpTrace Verbose: 0 : 42888, 5, 2024/02/24, 10:58:53.934, 5459803377554, vstest.console.dll, DotnetDataCollectionLauncher: Adding  --depsfile "C:\Program Files\dotnet\sdk\7.0.402\datacollector.deps.json" in args
TpTrace Verbose: 0 : 42888, 5, 2024/02/24, 10:58:53.935, 5459803386270, vstest.console.dll, DotnetDataCollectionLauncher: Full path of dotnet.exe is C:\Program Files\dotnet\dotnet.exe
TpTrace Information: 0 : 42888, 5, 2024/02/24, 10:58:54.244, 5459806478658, vstest.console.dll, ProxyDataCollectionManager.Initialize: Launched datacollector processId: 40392 port: 49792
TpTrace Information: 0 : 42888, 5, 2024/02/24, 10:58:54.245, 5459806488580, vstest.console.dll, ProxyDataCollectionManager.Initialize: waiting for connection with timeout: 90 seconds
TpTrace Verbose: 0 : 42888, 5, 2024/02/24, 10:58:54.246, 5459806492240, vstest.console.dll, DataCollectionRequestSender.WaitForRequestHandlerConnection : Waiting for connection with timeout: 90000
TpTrace Information: 0 : 42888, 7, 2024/02/24, 10:58:54.694, 5459810975947, vstest.console.dll, Using the buffer size of 16384 bytes
TpTrace Verbose: 0 : 42888, 5, 2024/02/24, 10:58:54.694, 5459810976147, vstest.console.dll, SocketCommunicationManager.WaitForClientConnection took: 444 ms, with 90000 ms timeout, and finished with True.
TpTrace Information: 0 : 42888, 7, 2024/02/24, 10:58:54.694, 5459810980343, vstest.console.dll, Accepted Client request and set the flag
TpTrace Verbose: 0 : 42888, 5, 2024/02/24, 10:58:54.695, 5459810984117, vstest.console.dll, ProxyDataCollectionManager.InvokeDataCollectionServiceAction: Starting.
TpTrace Information: 0 : 42888, 5, 2024/02/24, 10:58:54.695, 5459810986604, vstest.console.dll, ProxyDataCollectionManager.BeforeTestRunStart: Get environment variable and port for datacollector processId: 40392 port: 49792
TpTrace Verbose: 0 : 42888, 5, 2024/02/24, 10:58:54.695, 5459810989889, vstest.console.dll, DataCollectionRequestSender.SendBeforeTestRunStartAndGetResult: Send BeforeTestRunStart message with settingsXml <RunSettings><RunConfiguration><ResultsDirectory>C:\Users\user\Desktop\My-project\MovieSearch\MovieSearchBE\MovieSearch.Api\MovieSearchTesting\bin\Debug\net7.0\fine-code-coverage\coverage-tool-output</ResultsDirectory><TargetPlatform>X64</TargetPlatform><TargetFrameworkVersion>.NETCoreApp,Version=v7.0</TargetFrameworkVersion><DesignMode>False</DesignMode><CollectSourceInformation>False</CollectSourceInformation><TestAdaptersPaths>C:\Program Files\dotnet\sdk\7.0.402\Extensions</TestAdaptersPaths></RunConfiguration><LoggerRunSettings><Loggers><Logger friendlyName="blame" enabled="True" /><Logger friendlyName="Console" uri="logger://microsoft/TestPlatform/ConsoleLogger/v1" assemblyQualifiedName="Microsoft.VisualStudio.TestPlatform.CommandLine.Internal.ConsoleLogger, vstest.console, Version=15.0.0.0, Culture=neutral, PublicKeyToken=b03f5f7f11d50a3a" codeBase="C:\Program Files\dotnet\sdk\7.0.402\vstest.console.dll" enabled="True" /></Loggers></LoggerRunSettings><DataCollectionRunSettings><DataCollectors><DataCollector friendlyName="blame" enabled="True"><Configuration><ResultsDirectory>C:\Users\user\Desktop\My-project\MovieSearch\MovieSearchBE\MovieSearch.Api\MovieSearchTesting\bin\Debug\net7.0\fine-code-coverage\coverage-tool-output</ResultsDirectory></Configuration></DataCollector></DataCollectors></DataCollectionRunSettings></RunSettings> and sources System.Collections.Generic.List`1[System.String]: 
TpTrace Verbose: 0 : 42888, 5, 2024/02/24, 10:58:54.994, 5459813979595, vstest.console.dll, DataCollectionRequestSender.SendBeforeTestRunStartAndGetResult: Received message: (DataCollection.SendMessage) -> {"MessageType":"DataCollection.SendMessage","Payload":{"FriendlyName":null,"Uri":null,"TestCaseId":"00000000-0000-0000-0000-000000000000","Message":"Logging DataCollector Diagnostics in file: C:\\Users\\user\\Desktop\\My-project\\MovieSearch\\MovieSearchBE\\MovieSearch.Api\\MovieSearchTesting\\bin\\Debug\\net7.0\\fine-code-coverage\\coverage-tool-output\\diagnostics.datacollector.24-02-24_10-58-53_93330_5.log","Level":0}}
TpTrace Verbose: 0 : 42888, 5, 2024/02/24, 10:58:55.347, 5459817509521, vstest.console.dll, DataCollectionRequestSender.SendBeforeTestRunStartAndGetResult: Received message: (DataCollection.BeforeTestRunStartResult) -> {"MessageType":"DataCollection.BeforeTestRunStartResult","Payload":{"EnvironmentVariables":{},"DataCollectionEventsPort":49797}}
TpTrace Information: 0 : 42888, 5, 2024/02/24, 10:58:55.363, 5459817663748, vstest.console.dll, ProxyDataCollectionManager.BeforeTestRunStart: SendBeforeTestRunStartAndGetResult successful, env variable from datacollector:   and testhost port: 49797
TpTrace Information: 0 : 42888, 5, 2024/02/24, 10:58:55.363, 5459817666853, vstest.console.dll, ProxyDataCollectionManager.InvokeDataCollectionServiceAction: Completed.
TpTrace Verbose: 0 : 42888, 5, 2024/02/24, 10:58:55.363, 5459817669081, vstest.console.dll, ParallelProxyExecutionManager.StartTestRunOnConcurrentManager: Initializing test run. Started clients: 0
TpTrace Verbose: 0 : 42888, 5, 2024/02/24, 10:58:55.364, 5459817672139, vstest.console.dll, ProxyExecutionManager: Test host is always Lazy initialize.
TpTrace Verbose: 0 : 42888, 5, 2024/02/24, 10:58:55.364, 5459817679428, vstest.console.dll, TestRequestSender.InitializeCommunication: initialize communication. 
TpTrace Information: 0 : 42888, 5, 2024/02/24, 10:58:55.366, 5459817694463, vstest.console.dll, SocketServer.Start: Listening on endpoint : 127.0.0.1:49798
TpTrace Verbose: 0 : 42888, 5, 2024/02/24, 10:58:55.368, 5459817719856, vstest.console.dll, DotnetTestHostmanager.GetTestHostProcessStartInfo: Platform environment 'X64' target architecture 'X64' framework '.NETCoreApp,Version=v7.0' OS 'Windows'
TpTrace Verbose: 0 : 42888, 5, 2024/02/24, 10:58:55.369, 5459817730020, vstest.console.dll, DotnetTestHostmanager: Adding  --runtimeconfig "C:\Users\user\Desktop\My-project\MovieSearch\MovieSearchBE\MovieSearch.Api\MovieSearchTesting\bin\Debug\net7.0\fine-code-coverage\build-output\MovieSearchTesting.runtimeconfig.json" in args
TpTrace Verbose: 0 : 42888, 5, 2024/02/24, 10:58:55.370, 5459817736037, vstest.console.dll, DotnetTestHostmanager: Adding  --depsfile "C:\Users\user\Desktop\My-project\MovieSearch\MovieSearchBE\MovieSearch.Api\MovieSearchTesting\bin\Debug\net7.0\fine-code-coverage\build-output\MovieSearchTesting.deps.json" in args
TpTrace Verbose: 0 : 42888, 5, 2024/02/24, 10:58:55.371, 5459817744703, vstest.console.dll, DotnetTestHostmanager.IsWinOnArm: Current PROCESSOR_ARCHITECTURE from environment variable 'AMD64'
TpTrace Verbose: 0 : 42888, 5, 2024/02/24, 10:58:55.371, 5459817747492, vstest.console.dll, DotnetTestHostmanager.IsWinOnArm: Is Windows on ARM 'False'
TpTrace Verbose: 0 : 42888, 5, 2024/02/24, 10:58:55.372, 5459817752307, vstest.console.dll, DotnetTestHostManager: testhost.exe found at path: C:\Users\user\Desktop\My-project\MovieSearch\MovieSearchBE\MovieSearch.Api\MovieSearchTesting\bin\Debug\net7.0\fine-code-coverage\build-output\testhost.exe
TpTrace Verbose: 0 : 42888, 5, 2024/02/24, 10:58:55.372, 5459817756760, vstest.console.dll, DotnetTestHostmanager: Full path of host exe is C:\Users\user\Desktop\My-project\MovieSearch\MovieSearchBE\MovieSearch.Api\MovieSearchTesting\bin\Debug\net7.0\fine-code-coverage\build-output\testhost.exe
TpTrace Verbose: 0 : 42888, 5, 2024/02/24, 10:58:55.373, 5459817762459, vstest.console.dll, DotnetTestHostmanager.LaunchTestHostAsync: Found 'VSTEST_WINAPPHOST_DOTNET_ROOT' in env variables, value 'C:\Program Files\dotnet', forwarding to 'DOTNET_ROOT'
TpTrace Verbose: 0 : 42888, 5, 2024/02/24, 10:58:55.373, 5459817768885, vstest.console.dll, DotnetTestHostManager: Starting process 'C:\Users\user\Desktop\My-project\MovieSearch\MovieSearchBE\MovieSearch.Api\MovieSearchTesting\bin\Debug\net7.0\fine-code-coverage\build-output\testhost.exe' with command line ' --runtimeconfig "C:\Users\user\Desktop\My-project\MovieSearch\MovieSearchBE\MovieSearch.Api\MovieSearchTesting\bin\Debug\net7.0\fine-code-coverage\build-output\MovieSearchTesting.runtimeconfig.json" --depsfile "C:\Users\user\Desktop\My-project\MovieSearch\MovieSearchBE\MovieSearch.Api\MovieSearchTesting\bin\Debug\net7.0\fine-code-coverage\build-output\MovieSearchTesting.deps.json" --port 49798 --endpoint 127.0.0.1:049798 --role client --parentprocessid 42888 --diag "C:\Users\user\Desktop\My-project\MovieSearch\MovieSearchBE\MovieSearch.Api\MovieSearchTesting\bin\Debug\net7.0\fine-code-coverage\coverage-tool-output\diagnostics.host.24-02-24_10-58-55_36751_5.log" --tracelevel 4 --datacollectionport 49797 --telemetryoptedin false'
TpTrace Verbose: 0 : 42888, 5, 2024/02/24, 10:58:55.736, 5459821394675, vstest.console.dll, MulticastDelegateUtilities.SafeInvoke: HostProviderEvents.OnHostLaunched: Invoking callback 1/2 for Microsoft.VisualStudio.TestPlatform.CrossPlatEngine.Client.ProxyExecutionManagerWithDataCollection., took 3 ms.
TpTrace Verbose: 0 : 42888, 5, 2024/02/24, 10:58:55.737, 5459821402601, vstest.console.dll, Test Runtime launched
TpTrace Verbose: 0 : 42888, 5, 2024/02/24, 10:58:55.737, 5459821405684, vstest.console.dll, MulticastDelegateUtilities.SafeInvoke: HostProviderEvents.OnHostLaunched: Invoking callback 2/2 for Microsoft.VisualStudio.TestPlatform.CrossPlatEngine.Client.ProxyOperationManager., took 0 ms.
TpTrace Verbose: 0 : 42888, 5, 2024/02/24, 10:58:55.738, 5459821411740, vstest.console.dll, TestRequestSender.WaitForRequestHandlerConnection: waiting for connection with timeout: 90000.
TpTrace Verbose: 0 : 42888, 5, 2024/02/24, 10:58:56.617, 5459830209401, vstest.console.dll, TestRequestSender.WaitForRequestHandlerConnection: waiting took 879 ms, with timeout 90000 ms, and result 0, which is success.
TpTrace Verbose: 0 : 42888, 11, 2024/02/24, 10:58:56.617, 5459830209354, vstest.console.dll, MulticastDelegateUtilities.SafeInvoke: SocketServer: ClientConnected: Invoking callback 1/1 for Microsoft.VisualStudio.TestPlatform.CommunicationUtilities.TestRequestSender., took 0 ms.
TpTrace Verbose: 0 : 42888, 11, 2024/02/24, 10:58:56.618, 5459830214344, vstest.console.dll, SocketServer.OnClientConnected: Client connected for endPoint: 127.0.0.1:49798, starting MessageLoopAsync:
TpTrace Verbose: 0 : 42888, 11, 2024/02/24, 10:58:56.619, 5459830223957, vstest.console.dll, TcpClientExtensions.MessageLoopAsync: Polling on remoteEndPoint: 127.0.0.1:49799 localEndPoint: 127.0.0.1:49798
TpTrace Verbose: 0 : 42888, 5, 2024/02/24, 10:58:56.620, 5459830236633, vstest.console.dll, TestRequestSender.CheckVersionWithTestHost: Sending check version message: {"MessageType":"ProtocolVersion","Payload":7}
TpTrace Verbose: 0 : 42888, 11, 2024/02/24, 10:58:57.102, 5459835056394, vstest.console.dll, TcpClientExtensions.MessageLoopAsync: NotifyDataAvailable remoteEndPoint: 127.0.0.1:49799 localEndPoint: 127.0.0.1:49798
TpTrace Verbose: 0 : 42888, 11, 2024/02/24, 10:58:57.102, 5459835060840, vstest.console.dll, TestRequestSender.CheckVersionWithTestHost: onMessageReceived received message: (ProtocolVersion) -> {"MessageType":"ProtocolVersion","Payload":7}
TpTrace Verbose: 0 : 42888, 11, 2024/02/24, 10:58:57.105, 5459835082703, vstest.console.dll, MulticastDelegateUtilities.SafeInvoke: LengthPrefixCommunicationChannel: MessageReceived: Invoking callback 1/1 for Microsoft.VisualStudio.TestPlatform.CommunicationUtilities.TestRequestSender+<>c__DisplayClass29_0., took 2 ms.
TpTrace Verbose: 0 : 42888, 5, 2024/02/24, 10:58:57.105, 5459835084572, vstest.console.dll, TestPluginCache.GetExtensionPaths: Filtered extension paths: 
TpTrace Verbose: 0 : 42888, 5, 2024/02/24, 10:58:57.105, 5459835087240, vstest.console.dll, TestPluginCache.GetExtensionPaths: Added default extension paths: C:\Program Files\dotnet\sdk\7.0.402\Extensions\Microsoft.Diagnostics.NETCore.Client.dll
C:\Program Files\dotnet\sdk\7.0.402\Extensions\Microsoft.TestPlatform.Extensions.BlameDataCollector.dll
C:\Program Files\dotnet\sdk\7.0.402\Extensions\Microsoft.TestPlatform.Extensions.EventLogCollector.dll
C:\Program Files\dotnet\sdk\7.0.402\Extensions\Microsoft.TestPlatform.TestHostRuntimeProvider.dll
C:\Program Files\dotnet\sdk\7.0.402\Extensions\Microsoft.VisualStudio.TestPlatform.Extensions.Html.TestLogger.dll
C:\Program Files\dotnet\sdk\7.0.402\Extensions\Microsoft.VisualStudio.TestPlatform.Extensions.Trx.TestLogger.dll
TpTrace Verbose: 0 : 42888, 11, 2024/02/24, 10:58:57.105, 5459835087788, vstest.console.dll, TcpClientExtensions.MessageLoopAsync: Polling on remoteEndPoint: 127.0.0.1:49799 localEndPoint: 127.0.0.1:49798
TpTrace Verbose: 0 : 42888, 5, 2024/02/24, 10:58:57.105, 5459835090252, vstest.console.dll, TestPluginCache.GetExtensionPaths: Added unfilterableExtensionPaths: 
TpTrace Verbose: 0 : 42888, 5, 2024/02/24, 10:58:57.120, 5459835236197, vstest.console.dll, TestRequestSender.InitializeExecution: Sending initialize execution with message: {"Version":7,"MessageType":"TestExecution.Initialize","Payload":["C:\\Users\\user\\Desktop\\My-project\\MovieSearch\\MovieSearchBE\\MovieSearch.Api\\MovieSearchTesting\\bin\\Debug\\net7.0\\fine-code-coverage\\build-output\\xunit.runner.visualstudio.dotnetcore.testadapter.dll"]}
TpTrace Verbose: 0 : 42888, 5, 2024/02/24, 10:58:57.121, 5459835244575, vstest.console.dll, ParallelProxyExecutionManager.StartTestRunOnConcurrentManager: Execution starting. Started clients: 1
TpTrace Verbose: 0 : 42888, 5, 2024/02/24, 10:58:57.123, 5459835262134, vstest.console.dll, TestRunRequest:SendTestRunMessage: Starting.
TpTrace Verbose: 0 : 42888, 5, 2024/02/24, 10:58:57.123, 5459835268851, vstest.console.dll, MulticastDelegateUtilities.SafeInvoke: TestRun.LogMessages: Invoking callback 1/1 for Microsoft.VisualStudio.TestPlatform.CommandLine.TestRunResultAggregator., took 0 ms.
TpTrace Verbose: 0 : 42888, 11, 2024/02/24, 10:58:57.123, 5459835270544, vstest.console.dll, TcpClientExtensions.MessageLoopAsync: NotifyDataAvailable remoteEndPoint: 127.0.0.1:49799 localEndPoint: 127.0.0.1:49798
TpTrace Information: 0 : 42888, 5, 2024/02/24, 10:58:57.123, 5459835270751, vstest.console.dll, TestRunRequest:SendTestRunMessage: Completed.
TpTrace Verbose: 0 : 42888, 11, 2024/02/24, 10:58:57.124, 5459835274683, vstest.console.dll, LengthPrefixCommunicationChannel.NotifyDataAvailable: New data are waiting to be received, but there is no subscriber to be notified. Not reading them from the stream.
TpTrace Verbose: 0 : 42888, 11, 2024/02/24, 10:58:57.124, 5459835279588, vstest.console.dll, TcpClientExtensions.MessageLoopAsync: Polling on remoteEndPoint: 127.0.0.1:49799 localEndPoint: 127.0.0.1:49798
TpTrace Verbose: 0 : 42888, 4, 2024/02/24, 10:58:57.124, 5459835274130, vstest.console.dll, MulticastDelegateUtilities.SafeInvoke: InternalTestLoggerEvents.SendTestRunMessage: Invoking callback 1/1 for Microsoft.VisualStudio.TestPlatform.CommandLine.Internal.ConsoleLogger., took 0 ms.
TpTrace Verbose: 0 : 42888, 11, 2024/02/24, 10:58:57.125, 5459835282532, vstest.console.dll, TcpClientExtensions.MessageLoopAsync: NotifyDataAvailable remoteEndPoint: 127.0.0.1:49799 localEndPoint: 127.0.0.1:49798
TpTrace Verbose: 0 : 42888, 11, 2024/02/24, 10:58:57.125, 5459835285633, vstest.console.dll, LengthPrefixCommunicationChannel.NotifyDataAvailable: New data are waiting to be received, but there is no subscriber to be notified. Not reading them from the stream.
TpTrace Warning: 0 : 42888, 5, 2024/02/24, 10:58:57.125, 5459835287179, vstest.console.dll, InferRunSettingsHelper.MakeRunsettingsCompatible: Removing the following settings: TargetPlatform from RunSettings file. To use those settings please move to latest version of Microsoft.NET.Test.Sdk
TpTrace Verbose: 0 : 42888, 11, 2024/02/24, 10:58:57.125, 5459835287354, vstest.console.dll, TcpClientExtensions.MessageLoopAsync: Polling on remoteEndPoint: 127.0.0.1:49799 localEndPoint: 127.0.0.1:49798
TpTrace Verbose: 0 : 42888, 11, 2024/02/24, 10:58:57.126, 5459835291927, vstest.console.dll, TcpClientExtensions.MessageLoopAsync: NotifyDataAvailable remoteEndPoint: 127.0.0.1:49799 localEndPoint: 127.0.0.1:49798
TpTrace Verbose: 0 : 42888, 11, 2024/02/24, 10:58:57.126, 5459835293581, vstest.console.dll, LengthPrefixCommunicationChannel.NotifyDataAvailable: New data are waiting to be received, but there is no subscriber to be notified. Not reading them from the stream.
TpTrace Verbose: 0 : 42888, 11, 2024/02/24, 10:58:57.126, 5459835295996, vstest.console.dll, TcpClientExtensions.MessageLoopAsync: Polling on remoteEndPoint: 127.0.0.1:49799 localEndPoint: 127.0.0.1:49798
TpTrace Verbose: 0 : 42888, 11, 2024/02/24, 10:58:57.126, 5459835297988, vstest.console.dll, TcpClientExtensions.MessageLoopAsync: NotifyDataAvailable remoteEndPoint: 127.0.0.1:49799 localEndPoint: 127.0.0.1:49798
TpTrace Verbose: 0 : 42888, 11, 2024/02/24, 10:58:57.126, 5459835299981, vstest.console.dll, LengthPrefixCommunicationChannel.NotifyDataAvailable: New data are waiting to be received, but there is no subscriber to be notified. Not reading them from the stream.
TpTrace Verbose: 0 : 42888, 11, 2024/02/24, 10:58:57.127, 5459835302232, vstest.console.dll, TcpClientExtensions.MessageLoopAsync: Polling on remoteEndPoint: 127.0.0.1:49799 localEndPoint: 127.0.0.1:49798
TpTrace Verbose: 0 : 42888, 11, 2024/02/24, 10:58:57.127, 5459835305131, vstest.console.dll, TcpClientExtensions.MessageLoopAsync: NotifyDataAvailable remoteEndPoint: 127.0.0.1:49799 localEndPoint: 127.0.0.1:49798
TpTrace Verbose: 0 : 42888, 11, 2024/02/24, 10:58:57.128, 5459835314332, vstest.console.dll, TestRequestSender.OnExecutionMessageReceived: Received message: {"Version":7,"MessageType":"TestSession.Message","Payload":{"MessageLevel":0,"Message":"Logging TestHost Diagnostics in file: C:\\Users\\user\\Desktop\\My-project\\MovieSearch\\MovieSearchBE\\MovieSearch.Api\\MovieSearchTesting\\bin\\Debug\\net7.0\\fine-code-coverage\\coverage-tool-output\\diagnostics.host.24-02-24_10-58-55_36751_5.log"}}
TpTrace Verbose: 0 : 42888, 11, 2024/02/24, 10:58:57.136, 5459835395256, vstest.console.dll, TestRunRequest:SendTestRunMessage: Starting.
TpTrace Verbose: 0 : 42888, 11, 2024/02/24, 10:58:57.136, 5459835399719, vstest.console.dll, MulticastDelegateUtilities.SafeInvoke: TestRun.LogMessages: Invoking callback 1/1 for Microsoft.VisualStudio.TestPlatform.CommandLine.TestRunResultAggregator., took 0 ms.
TpTrace Information: 0 : 42888, 11, 2024/02/24, 10:58:57.137, 5459835401886, vstest.console.dll, TestRunRequest:SendTestRunMessage: Completed.
TpTrace Verbose: 0 : 42888, 11, 2024/02/24, 10:58:57.137, 5459835404066, vstest.console.dll, MulticastDelegateUtilities.SafeInvoke: LengthPrefixCommunicationChannel: MessageReceived: Invoking callback 1/1 for Microsoft.VisualStudio.TestPlatform.CommunicationUtilities.TestRequestSender+<>c__DisplayClass34_0., took 9 ms.
TpTrace Verbose: 0 : 42888, 11, 2024/02/24, 10:58:57.137, 5459835405426, vstest.console.dll, TcpClientExtensions.MessageLoopAsync: Polling on remoteEndPoint: 127.0.0.1:49799 localEndPoint: 127.0.0.1:49798
TpTrace Verbose: 0 : 42888, 4, 2024/02/24, 10:58:57.136, 5459835400076, vstest.console.dll, MulticastDelegateUtilities.SafeInvoke: InternalTestLoggerEvents.SendTestRunMessage: Invoking callback 1/1 for Microsoft.VisualStudio.TestPlatform.CommandLine.Internal.ConsoleLogger., took 0 ms.
TpTrace Verbose: 0 : 42888, 5, 2024/02/24, 10:58:57.148, 5459835518818, vstest.console.dll, TestRequestSender.StartTestRun: Sending test run with message: {"Version":7,"MessageType":"TestExecution.StartWithSources","Payload":{"AdapterSourceMap":{"_none_":["C:\\Users\\user\\Desktop\\My-project\\MovieSearch\\MovieSearchBE\\MovieSearch.Api\\MovieSearchTesting\\bin\\Debug\\net7.0\\fine-code-coverage\\build-output\\MovieSearchTesting.dll"]},"RunSettings":"<RunSettings>\r\n  <RunConfiguration>\r\n    <ResultsDirectory>C:\\Users\\user\\Desktop\\My-project\\MovieSearch\\MovieSearchBE\\MovieSearch.Api\\MovieSearchTesting\\bin\\Debug\\net7.0\\fine-code-coverage\\coverage-tool-output</ResultsDirectory>\r\n    <TargetFrameworkVersion>.NETCoreApp,Version=v7.0</TargetFrameworkVersion>\r\n    <DesignMode>False</DesignMode>\r\n    <CollectSourceInformation>False</CollectSourceInformation>\r\n  </RunConfiguration>\r\n  <LoggerRunSettings>\r\n    <Loggers>\r\n      <Logger friendlyName=\"blame\" enabled=\"True\" />\r\n      <Logger friendlyName=\"Console\" uri=\"logger://microsoft/TestPlatform/ConsoleLogger/v1\" assemblyQualifiedName=\"Microsoft.VisualStudio.TestPlatform.CommandLine.Internal.ConsoleLogger, vstest.console, Version=15.0.0.0, Culture=neutral, PublicKeyToken=b03f5f7f11d50a3a\" codeBase=\"C:\\Program Files\\dotnet\\sdk\\7.0.402\\vstest.console.dll\" enabled=\"True\" />\r\n    </Loggers>\r\n  </LoggerRunSettings>\r\n  <DataCollectionRunSettings>\r\n    <DataCollectors>\r\n      <DataCollector friendlyName=\"blame\" enabled=\"True\">\r\n        <Configuration>\r\n          <ResultsDirectory>C:\\Users\\user\\Desktop\\My-project\\MovieSearch\\MovieSearchBE\\MovieSearch.Api\\MovieSearchTesting\\bin\\Debug\\net7.0\\fine-code-coverage\\coverage-tool-output</ResultsDirectory>\r\n        </Configuration>\r\n      </DataCollector>\r\n    </DataCollectors>\r\n  </DataCollectionRunSettings>\r\n</RunSettings>","TestExecutionContext":{"FrequencyOfRunStatsChangeEvent":10,"RunStatsChangeEventTimeout":"00:00:01.5000000","InIsolation":false,"KeepAlive":false,"AreTestCaseLevelEventsRequired":false,"IsDebug":false,"TestCaseFilter":null,"FilterOptions":null},"Package":null}}
TpTrace Verbose: 0 : 42888, 5, 2024/02/24, 10:58:57.149, 5459835525260, vstest.console.dll, ParallelProxyExecutionManager.StartTestRunOnConcurrentManager: Execution started. Started clients: 1
TpTrace Verbose: 0 : 42888, 11, 2024/02/24, 10:58:57.588, 5459839915619, vstest.console.dll, TcpClientExtensions.MessageLoopAsync: NotifyDataAvailable remoteEndPoint: 127.0.0.1:49799 localEndPoint: 127.0.0.1:49798
TpTrace Verbose: 0 : 42888, 11, 2024/02/24, 10:58:57.588, 5459839918948, vstest.console.dll, TestRequestSender.OnExecutionMessageReceived: Received message: {"Version":7,"MessageType":"TestSession.Message","Payload":{"MessageLevel":0,"Message":"[xUnit.net 00:00:00.00] xUnit.net VSTest Adapter v2.4.5+1caef2f33e (64-bit .NET 7.0.16)"}}
TpTrace Verbose: 0 : 42888, 11, 2024/02/24, 10:58:57.589, 5459839925272, vstest.console.dll, TestRunRequest:SendTestRunMessage: Starting.
TpTrace Verbose: 0 : 42888, 11, 2024/02/24, 10:58:57.589, 5459839927715, vstest.console.dll, MulticastDelegateUtilities.SafeInvoke: TestRun.LogMessages: Invoking callback 1/1 for Microsoft.VisualStudio.TestPlatform.CommandLine.TestRunResultAggregator., took 0 ms.
TpTrace Information: 0 : 42888, 11, 2024/02/24, 10:58:57.589, 5459839929157, vstest.console.dll, TestRunRequest:SendTestRunMessage: Completed.
TpTrace Verbose: 0 : 42888, 4, 2024/02/24, 10:58:57.589, 5459839927921, vstest.console.dll, MulticastDelegateUtilities.SafeInvoke: InternalTestLoggerEvents.SendTestRunMessage: Invoking callback 1/1 for Microsoft.VisualStudio.TestPlatform.CommandLine.Internal.ConsoleLogger., took 0 ms.
TpTrace Verbose: 0 : 42888, 11, 2024/02/24, 10:58:57.589, 5459839930382, vstest.console.dll, MulticastDelegateUtilities.SafeInvoke: LengthPrefixCommunicationChannel: MessageReceived: Invoking callback 1/1 for Microsoft.VisualStudio.TestPlatform.CommunicationUtilities.TestRequestSender+<>c__DisplayClass34_0., took 1 ms.
TpTrace Verbose: 0 : 42888, 11, 2024/02/24, 10:58:57.590, 5459839933915, vstest.console.dll, TcpClientExtensions.MessageLoopAsync: Polling on remoteEndPoint: 127.0.0.1:49799 localEndPoint: 127.0.0.1:49798
TpTrace Verbose: 0 : 42888, 11, 2024/02/24, 10:58:58.598, 5459850019439, vstest.console.dll, TcpClientExtensions.MessageLoopAsync: Polling on remoteEndPoint: 127.0.0.1:49799 localEndPoint: 127.0.0.1:49798
TpTrace Verbose: 0 : 42888, 11, 2024/02/24, 10:58:59.607, 5459860106148, vstest.console.dll, TcpClientExtensions.MessageLoopAsync: Polling on remoteEndPoint: 127.0.0.1:49799 localEndPoint: 127.0.0.1:49798
TpTrace Verbose: 0 : 42888, 11, 2024/02/24, 10:59:00.621, 5459870242583, vstest.console.dll, TcpClientExtensions.MessageLoopAsync: Polling on remoteEndPoint: 127.0.0.1:49799 localEndPoint: 127.0.0.1:49798
TpTrace Verbose: 0 : 42888, 11, 2024/02/24, 10:59:01.389, 5459877924214, vstest.console.dll, TcpClientExtensions.MessageLoopAsync: NotifyDataAvailable remoteEndPoint: 127.0.0.1:49799 localEndPoint: 127.0.0.1:49798
TpTrace Verbose: 0 : 42888, 11, 2024/02/24, 10:59:01.389, 5459877927019, vstest.console.dll, TestRequestSender.OnExecutionMessageReceived: Received message: {"Version":7,"MessageType":"TestSession.Message","Payload":{"MessageLevel":0,"Message":"[xUnit.net 00:00:03.81]   Discovering: MovieSearchTesting"}}
TpTrace Verbose: 0 : 42888, 11, 2024/02/24, 10:59:01.389, 5459877929984, vstest.console.dll, TestRunRequest:SendTestRunMessage: Starting.
TpTrace Verbose: 0 : 42888, 11, 2024/02/24, 10:59:01.390, 5459877931868, vstest.console.dll, MulticastDelegateUtilities.SafeInvoke: TestRun.LogMessages: Invoking callback 1/1 for Microsoft.VisualStudio.TestPlatform.CommandLine.TestRunResultAggregator., took 0 ms.
TpTrace Information: 0 : 42888, 11, 2024/02/24, 10:59:01.390, 5459877933258, vstest.console.dll, TestRunRequest:SendTestRunMessage: Completed.
TpTrace Verbose: 0 : 42888, 11, 2024/02/24, 10:59:01.390, 5459877934660, vstest.console.dll, MulticastDelegateUtilities.SafeInvoke: LengthPrefixCommunicationChannel: MessageReceived: Invoking callback 1/1 for Microsoft.VisualStudio.TestPlatform.CommunicationUtilities.TestRequestSender+<>c__DisplayClass34_0., took 0 ms.
TpTrace Verbose: 0 : 42888, 4, 2024/02/24, 10:59:01.390, 5459877932290, vstest.console.dll, MulticastDelegateUtilities.SafeInvoke: InternalTestLoggerEvents.SendTestRunMessage: Invoking callback 1/1 for Microsoft.VisualStudio.TestPlatform.CommandLine.Internal.ConsoleLogger., took 0 ms.
TpTrace Verbose: 0 : 42888, 11, 2024/02/24, 10:59:01.390, 5459877936226, vstest.console.dll, TcpClientExtensions.MessageLoopAsync: Polling on remoteEndPoint: 127.0.0.1:49799 localEndPoint: 127.0.0.1:49798
TpTrace Verbose: 0 : 42888, 11, 2024/02/24, 10:59:01.456, 5459878597063, vstest.console.dll, TcpClientExtensions.MessageLoopAsync: NotifyDataAvailable remoteEndPoint: 127.0.0.1:49799 localEndPoint: 127.0.0.1:49798
TpTrace Verbose: 0 : 42888, 11, 2024/02/24, 10:59:01.456, 5459878601267, vstest.console.dll, TestRequestSender.OnExecutionMessageReceived: Received message: {"Version":7,"MessageType":"TestSession.Message","Payload":{"MessageLevel":0,"Message":"[xUnit.net 00:00:03.87]   Discovered:  MovieSearchTesting"}}
TpTrace Verbose: 0 : 42888, 11, 2024/02/24, 10:59:01.457, 5459878604256, vstest.console.dll, TestRunRequest:SendTestRunMessage: Starting.
TpTrace Verbose: 0 : 42888, 11, 2024/02/24, 10:59:01.457, 5459878606466, vstest.console.dll, MulticastDelegateUtilities.SafeInvoke: TestRun.LogMessages: Invoking callback 1/1 for Microsoft.VisualStudio.TestPlatform.CommandLine.TestRunResultAggregator., took 0 ms.
TpTrace Verbose: 0 : 42888, 4, 2024/02/24, 10:59:01.457, 5459878606748, vstest.console.dll, MulticastDelegateUtilities.SafeInvoke: InternalTestLoggerEvents.SendTestRunMessage: Invoking callback 1/1 for Microsoft.VisualStudio.TestPlatform.CommandLine.Internal.ConsoleLogger., took 0 ms.
TpTrace Information: 0 : 42888, 11, 2024/02/24, 10:59:01.457, 5459878607758, vstest.console.dll, TestRunRequest:SendTestRunMessage: Completed.
TpTrace Verbose: 0 : 42888, 11, 2024/02/24, 10:59:01.457, 5459878611052, vstest.console.dll, MulticastDelegateUtilities.SafeInvoke: LengthPrefixCommunicationChannel: MessageReceived: Invoking callback 1/1 for Microsoft.VisualStudio.TestPlatform.CommunicationUtilities.TestRequestSender+<>c__DisplayClass34_0., took 1 ms.
TpTrace Verbose: 0 : 42888, 11, 2024/02/24, 10:59:01.458, 5459878612705, vstest.console.dll, TcpClientExtensions.MessageLoopAsync: Polling on remoteEndPoint: 127.0.0.1:49799 localEndPoint: 127.0.0.1:49798
TpTrace Verbose: 0 : 42888, 11, 2024/02/24, 10:59:01.464, 5459878677412, vstest.console.dll, TcpClientExtensions.MessageLoopAsync: NotifyDataAvailable remoteEndPoint: 127.0.0.1:49799 localEndPoint: 127.0.0.1:49798
TpTrace Verbose: 0 : 42888, 11, 2024/02/24, 10:59:01.464, 5459878680932, vstest.console.dll, TestRequestSender.OnExecutionMessageReceived: Received message: {"Version":7,"MessageType":"TestSession.Message","Payload":{"MessageLevel":0,"Message":"[xUnit.net 00:00:03.88]   Starting:    MovieSearchTesting"}}
TpTrace Verbose: 0 : 42888, 11, 2024/02/24, 10:59:01.465, 5459878684035, vstest.console.dll, TestRunRequest:SendTestRunMessage: Starting.
TpTrace Verbose: 0 : 42888, 11, 2024/02/24, 10:59:01.465, 5459878685888, vstest.console.dll, MulticastDelegateUtilities.SafeInvoke: TestRun.LogMessages: Invoking callback 1/1 for Microsoft.VisualStudio.TestPlatform.CommandLine.TestRunResultAggregator., took 0 ms.
TpTrace Verbose: 0 : 42888, 4, 2024/02/24, 10:59:01.465, 5459878686226, vstest.console.dll, MulticastDelegateUtilities.SafeInvoke: InternalTestLoggerEvents.SendTestRunMessage: Invoking callback 1/1 for Microsoft.VisualStudio.TestPlatform.CommandLine.Internal.ConsoleLogger., took 0 ms.
TpTrace Information: 0 : 42888, 11, 2024/02/24, 10:59:01.465, 5459878687042, vstest.console.dll, TestRunRequest:SendTestRunMessage: Completed.
TpTrace Verbose: 0 : 42888, 11, 2024/02/24, 10:59:01.465, 5459878690347, vstest.console.dll, MulticastDelegateUtilities.SafeInvoke: LengthPrefixCommunicationChannel: MessageReceived: Invoking callback 1/1 for Microsoft.VisualStudio.TestPlatform.CommunicationUtilities.TestRequestSender+<>c__DisplayClass34_0., took 0 ms.
TpTrace Verbose: 0 : 42888, 11, 2024/02/24, 10:59:01.465, 5459878691313, vstest.console.dll, TcpClientExtensions.MessageLoopAsync: Polling on remoteEndPoint: 127.0.0.1:49799 localEndPoint: 127.0.0.1:49798
TpTrace Verbose: 0 : 42888, 11, 2024/02/24, 10:59:01.604, 5459880072293, vstest.console.dll, TcpClientExtensions.MessageLoopAsync: NotifyDataAvailable remoteEndPoint: 127.0.0.1:49799 localEndPoint: 127.0.0.1:49798
TpTrace Verbose: 0 : 42888, 11, 2024/02/24, 10:59:01.604, 5459880076527, vstest.console.dll, TestRequestSender.OnExecutionMessageReceived: Received message: {"Version":7,"MessageType":"TestExecution.StatsChange","Payload":{"NewTestResults":[],"TestRunStatistics":{"ExecutedTests":0,"Stats":{}},"ActiveTests":[{"Id":"b5bb2504-df09-c57c-cd57-ec816e4d10e2","FullyQualifiedName":"MovieSearchTesting.ServiceImplementation.MovieServiceTests.SearchMovieByTitleAsync_ShouldReturnSuccessResponse","DisplayName":"MovieSearchTesting.ServiceImplementation.MovieServiceTests.SearchMovieByTitleAsync_ShouldReturnSuccessResponse","ExecutorUri":"executor://xunit/VsTestRunner2/netcoreapp","Source":"C:\\Users\\user\\Desktop\\My-project\\MovieSearch\\MovieSearchBE\\MovieSearch.Api\\MovieSearchTesting\\bin\\Debug\\net7.0\\fine-code-coverage\\build-output\\MovieSearchTesting.dll","CodeFilePath":null,"LineNumber":0,"Properties":[]}]}}
TpTrace Verbose: 0 : 42888, 11, 2024/02/24, 10:59:01.636, 5459880391842, vstest.console.dll, TestRunRequest:SendTestRunStatsChange: Starting.
TpTrace Verbose: 0 : 42888, 11, 2024/02/24, 10:59:01.636, 5459880397157, vstest.console.dll, InProgress is MovieSearchTesting.ServiceImplementation.MovieServiceTests.SearchMovieByTitleAsync_ShouldReturnSuccessResponse
TpTrace Verbose: 0 : 42888, 11, 2024/02/24, 10:59:01.636, 5459880401016, vstest.console.dll, MulticastDelegateUtilities.SafeInvoke: TestRun.RunStatsChanged: Invoking callbacks was skipped because there are no subscribers.
TpTrace Information: 0 : 42888, 11, 2024/02/24, 10:59:01.637, 5459880402738, vstest.console.dll, TestRunRequest:SendTestRunStatsChange: Completed.
TpTrace Verbose: 0 : 42888, 11, 2024/02/24, 10:59:01.637, 5459880405478, vstest.console.dll, MulticastDelegateUtilities.SafeInvoke: LengthPrefixCommunicationChannel: MessageReceived: Invoking callback 1/1 for Microsoft.VisualStudio.TestPlatform.CommunicationUtilities.TestRequestSender+<>c__DisplayClass34_0., took 32 ms.
TpTrace Verbose: 0 : 42888, 11, 2024/02/24, 10:59:01.637, 5459880407963, vstest.console.dll, TcpClientExtensions.MessageLoopAsync: Polling on remoteEndPoint: 127.0.0.1:49799 localEndPoint: 127.0.0.1:49798
TpTrace Verbose: 0 : 42888, 11, 2024/02/24, 10:59:01.882, 5459882856149, vstest.console.dll, TcpClientExtensions.MessageLoopAsync: NotifyDataAvailable remoteEndPoint: 127.0.0.1:49799 localEndPoint: 127.0.0.1:49798
TpTrace Verbose: 0 : 42888, 11, 2024/02/24, 10:59:01.882, 5459882860402, vstest.console.dll, TestRequestSender.OnExecutionMessageReceived: Received message: {"Version":7,"MessageType":"TestSession.Message","Payload":{"MessageLevel":2,"Message":"[xUnit.net 00:00:04.30]     MovieSearchTesting.ServiceImplementation.MovieServiceTests.SearchMovieByTitleAsync_ShouldReturnSuccessResponse [FAIL]"}}
TpTrace Verbose: 0 : 42888, 11, 2024/02/24, 10:59:01.883, 5459882863351, vstest.console.dll, TestRunRequest:SendTestRunMessage: Starting.
TpTrace Verbose: 0 : 42888, 11, 2024/02/24, 10:59:01.883, 5459882865367, vstest.console.dll, MulticastDelegateUtilities.SafeInvoke: TestRun.LogMessages: Invoking callback 1/1 for Microsoft.VisualStudio.TestPlatform.CommandLine.TestRunResultAggregator., took 0 ms.
TpTrace Information: 0 : 42888, 11, 2024/02/24, 10:59:01.883, 5459882867212, vstest.console.dll, TestRunRequest:SendTestRunMessage: Completed.
TpTrace Verbose: 0 : 42888, 11, 2024/02/24, 10:59:01.883, 5459882868705, vstest.console.dll, MulticastDelegateUtilities.SafeInvoke: LengthPrefixCommunicationChannel: MessageReceived: Invoking callback 1/1 for Microsoft.VisualStudio.TestPlatform.CommunicationUtilities.TestRequestSender+<>c__DisplayClass34_0., took 0 ms.
TpTrace Verbose: 0 : 42888, 4, 2024/02/24, 10:59:01.883, 5459882869398, vstest.console.dll, MulticastDelegateUtilities.SafeInvoke: InternalTestLoggerEvents.SendTestRunMessage: Invoking callback 1/1 for Microsoft.VisualStudio.TestPlatform.CommandLine.Internal.ConsoleLogger., took 0 ms.
TpTrace Verbose: 0 : 42888, 11, 2024/02/24, 10:59:01.883, 5459882870563, vstest.console.dll, TcpClientExtensions.MessageLoopAsync: Polling on remoteEndPoint: 127.0.0.1:49799 localEndPoint: 127.0.0.1:49798
TpTrace Verbose: 0 : 42888, 11, 2024/02/24, 10:59:01.885, 5459882887095, vstest.console.dll, TcpClientExtensions.MessageLoopAsync: NotifyDataAvailable remoteEndPoint: 127.0.0.1:49799 localEndPoint: 127.0.0.1:49798
TpTrace Verbose: 0 : 42888, 11, 2024/02/24, 10:59:01.885, 5459882891510, vstest.console.dll, TestRequestSender.OnExecutionMessageReceived: Received message: {"Version":7,"MessageType":"TestSession.Message","Payload":{"MessageLevel":0,"Message":"[xUnit.net 00:00:04.30]       System.NotSupportedException : Unsupported expression: c => c.GetAsync(It.IsAny<string>())"}}
TpTrace Verbose: 0 : 42888, 11, 2024/02/24, 10:59:01.886, 5459882894338, vstest.console.dll, TestRunRequest:SendTestRunMessage: Starting.
TpTrace Verbose: 0 : 42888, 11, 2024/02/24, 10:59:01.886, 5459882896370, vstest.console.dll, MulticastDelegateUtilities.SafeInvoke: TestRun.LogMessages: Invoking callback 1/1 for Microsoft.VisualStudio.TestPlatform.CommandLine.TestRunResultAggregator., took 0 ms.
TpTrace Verbose: 0 : 42888, 4, 2024/02/24, 10:59:01.886, 5459882896765, vstest.console.dll, MulticastDelegateUtilities.SafeInvoke: InternalTestLoggerEvents.SendTestRunMessage: Invoking callback 1/1 for Microsoft.VisualStudio.TestPlatform.CommandLine.Internal.ConsoleLogger., took 0 ms.
TpTrace Information: 0 : 42888, 11, 2024/02/24, 10:59:01.886, 5459882898472, vstest.console.dll, TestRunRequest:SendTestRunMessage: Completed.
TpTrace Verbose: 0 : 42888, 11, 2024/02/24, 10:59:01.887, 5459882902339, vstest.console.dll, MulticastDelegateUtilities.SafeInvoke: LengthPrefixCommunicationChannel: MessageReceived: Invoking callback 1/1 for Microsoft.VisualStudio.TestPlatform.CommunicationUtilities.TestRequestSender+<>c__DisplayClass34_0., took 1 ms.
TpTrace Verbose: 0 : 42888, 11, 2024/02/24, 10:59:01.887, 5459882904694, vstest.console.dll, TcpClientExtensions.MessageLoopAsync: Polling on remoteEndPoint: 127.0.0.1:49799 localEndPoint: 127.0.0.1:49798
TpTrace Verbose: 0 : 42888, 11, 2024/02/24, 10:59:01.887, 5459882906653, vstest.console.dll, TcpClientExtensions.MessageLoopAsync: NotifyDataAvailable remoteEndPoint: 127.0.0.1:49799 localEndPoint: 127.0.0.1:49798
TpTrace Verbose: 0 : 42888, 11, 2024/02/24, 10:59:01.887, 5459882908900, vstest.console.dll, TestRequestSender.OnExecutionMessageReceived: Received message: {"Version":7,"MessageType":"TestSession.Message","Payload":{"MessageLevel":0,"Message":"[xUnit.net 00:00:04.30]       Non-overridable members (here: HttpClient.GetAsync) may not be used in setup / verification expressions."}}
TpTrace Verbose: 0 : 42888, 11, 2024/02/24, 10:59:01.887, 5459882911373, vstest.console.dll, TestRunRequest:SendTestRunMessage: Starting.
TpTrace Verbose: 0 : 42888, 11, 2024/02/24, 10:59:01.888, 5459882913330, vstest.console.dll, MulticastDelegateUtilities.SafeInvoke: TestRun.LogMessages: Invoking callback 1/1 for Microsoft.VisualStudio.TestPlatform.CommandLine.TestRunResultAggregator., took 0 ms.
TpTrace Information: 0 : 42888, 11, 2024/02/24, 10:59:01.888, 5459882914785, vstest.console.dll, TestRunRequest:SendTestRunMessage: Completed.
TpTrace Verbose: 0 : 42888, 4, 2024/02/24, 10:59:01.888, 5459882914309, vstest.console.dll, MulticastDelegateUtilities.SafeInvoke: InternalTestLoggerEvents.SendTestRunMessage: Invoking callback 1/1 for Microsoft.VisualStudio.TestPlatform.CommandLine.Internal.ConsoleLogger., took 0 ms.
TpTrace Verbose: 0 : 42888, 11, 2024/02/24, 10:59:01.888, 5459882916343, vstest.console.dll, MulticastDelegateUtilities.SafeInvoke: LengthPrefixCommunicationChannel: MessageReceived: Invoking callback 1/1 for Microsoft.VisualStudio.TestPlatform.CommunicationUtilities.TestRequestSender+<>c__DisplayClass34_0., took 0 ms.
TpTrace Verbose: 0 : 42888, 11, 2024/02/24, 10:59:01.888, 5459882919953, vstest.console.dll, TcpClientExtensions.MessageLoopAsync: Polling on remoteEndPoint: 127.0.0.1:49799 localEndPoint: 127.0.0.1:49798
TpTrace Verbose: 0 : 42888, 11, 2024/02/24, 10:59:01.889, 5459882925611, vstest.console.dll, TcpClientExtensions.MessageLoopAsync: NotifyDataAvailable remoteEndPoint: 127.0.0.1:49799 localEndPoint: 127.0.0.1:49798
TpTrace Verbose: 0 : 42888, 11, 2024/02/24, 10:59:01.890, 5459882932557, vstest.console.dll, TestRequestSender.OnExecutionMessageReceived: Received message: {"Version":7,"MessageType":"TestSession.Message","Payload":{"MessageLevel":0,"Message":"[xUnit.net 00:00:04.31]       Stack Trace:"}}
TpTrace Verbose: 0 : 42888, 11, 2024/02/24, 10:59:01.890, 5459882935804, vstest.console.dll, TestRunRequest:SendTestRunMessage: Starting.
TpTrace Verbose: 0 : 42888, 11, 2024/02/24, 10:59:01.890, 5459882937712, vstest.console.dll, MulticastDelegateUtilities.SafeInvoke: TestRun.LogMessages: Invoking callback 1/1 for Microsoft.VisualStudio.TestPlatform.CommandLine.TestRunResultAggregator., took 0 ms.
TpTrace Verbose: 0 : 42888, 4, 2024/02/24, 10:59:01.890, 5459882938174, vstest.console.dll, MulticastDelegateUtilities.SafeInvoke: InternalTestLoggerEvents.SendTestRunMessage: Invoking callback 1/1 for Microsoft.VisualStudio.TestPlatform.CommandLine.Internal.ConsoleLogger., took 0 ms.
TpTrace Information: 0 : 42888, 11, 2024/02/24, 10:59:01.890, 5459882938987, vstest.console.dll, TestRunRequest:SendTestRunMessage: Completed.
TpTrace Verbose: 0 : 42888, 11, 2024/02/24, 10:59:01.891, 5459882943804, vstest.console.dll, MulticastDelegateUtilities.SafeInvoke: LengthPrefixCommunicationChannel: MessageReceived: Invoking callback 1/1 for Microsoft.VisualStudio.TestPlatform.CommunicationUtilities.TestRequestSender+<>c__DisplayClass34_0., took 1 ms.
TpTrace Verbose: 0 : 42888, 11, 2024/02/24, 10:59:01.891, 5459882945233, vstest.console.dll, TcpClientExtensions.MessageLoopAsync: Polling on remoteEndPoint: 127.0.0.1:49799 localEndPoint: 127.0.0.1:49798
TpTrace Verbose: 0 : 42888, 11, 2024/02/24, 10:59:01.891, 5459882949407, vstest.console.dll, TcpClientExtensions.MessageLoopAsync: NotifyDataAvailable remoteEndPoint: 127.0.0.1:49799 localEndPoint: 127.0.0.1:49798
TpTrace Verbose: 0 : 42888, 11, 2024/02/24, 10:59:01.892, 5459882954607, vstest.console.dll, TestRequestSender.OnExecutionMessageReceived: Received message: {"Version":7,"MessageType":"TestSession.Message","Payload":{"MessageLevel":0,"Message":"[xUnit.net 00:00:04.31]         /_/src/Moq/Guard.cs(99,0): at Moq.Guard.IsOverridable(MethodInfo method, Expression expression)"}}
TpTrace Verbose: 0 : 42888, 11, 2024/02/24, 10:59:01.892, 5459882957378, vstest.console.dll, TestRunRequest:SendTestRunMessage: Starting.
TpTrace Verbose: 0 : 42888, 11, 2024/02/24, 10:59:01.892, 5459882959440, vstest.console.dll, MulticastDelegateUtilities.SafeInvoke: TestRun.LogMessages: Invoking callback 1/1 for Microsoft.VisualStudio.TestPlatform.CommandLine.TestRunResultAggregator., took 0 ms.
TpTrace Information: 0 : 42888, 11, 2024/02/24, 10:59:01.892, 5459882961182, vstest.console.dll, TestRunRequest:SendTestRunMessage: Completed.
TpTrace Verbose: 0 : 42888, 4, 2024/02/24, 10:59:01.892, 5459882959998, vstest.console.dll, MulticastDelegateUtilities.SafeInvoke: InternalTestLoggerEvents.SendTestRunMessage: Invoking callback 1/1 for Microsoft.VisualStudio.TestPlatform.CommandLine.Internal.ConsoleLogger., took 0 ms.
TpTrace Verbose: 0 : 42888, 11, 2024/02/24, 10:59:01.893, 5459882962502, vstest.console.dll, MulticastDelegateUtilities.SafeInvoke: LengthPrefixCommunicationChannel: MessageReceived: Invoking callback 1/1 for Microsoft.VisualStudio.TestPlatform.CommunicationUtilities.TestRequestSender+<>c__DisplayClass34_0., took 0 ms.
TpTrace Verbose: 0 : 42888, 11, 2024/02/24, 10:59:01.893, 5459882966301, vstest.console.dll, TcpClientExtensions.MessageLoopAsync: Polling on remoteEndPoint: 127.0.0.1:49799 localEndPoint: 127.0.0.1:49798
TpTrace Verbose: 0 : 42888, 11, 2024/02/24, 10:59:01.893, 5459882969161, vstest.console.dll, TcpClientExtensions.MessageLoopAsync: NotifyDataAvailable remoteEndPoint: 127.0.0.1:49799 localEndPoint: 127.0.0.1:49798
TpTrace Verbose: 0 : 42888, 11, 2024/02/24, 10:59:01.894, 5459882972458, vstest.console.dll, TestRequestSender.OnExecutionMessageReceived: Received message: {"Version":7,"MessageType":"TestSession.Message","Payload":{"MessageLevel":0,"Message":"[xUnit.net 00:00:04.31]         /_/src/Moq/MethodExpectation.cs(236,0): at Moq.MethodExpectation..ctor(LambdaExpression expression, MethodInfo method, IReadOnlyList`1 arguments, Boolean exactGenericTypeArguments, Boolean skipMatcherInitialization, Boolean allowNonOverridable)"}}
TpTrace Verbose: 0 : 42888, 11, 2024/02/24, 10:59:01.894, 5459882976051, vstest.console.dll, TestRunRequest:SendTestRunMessage: Starting.
TpTrace Verbose: 0 : 42888, 11, 2024/02/24, 10:59:01.894, 5459882978954, vstest.console.dll, MulticastDelegateUtilities.SafeInvoke: TestRun.LogMessages: Invoking callback 1/1 for Microsoft.VisualStudio.TestPlatform.CommandLine.TestRunResultAggregator., took 0 ms.
TpTrace Information: 0 : 42888, 11, 2024/02/24, 10:59:01.894, 5459882980424, vstest.console.dll, TestRunRequest:SendTestRunMessage: Completed.
TpTrace Verbose: 0 : 42888, 4, 2024/02/24, 10:59:01.894, 5459882979396, vstest.console.dll, MulticastDelegateUtilities.SafeInvoke: InternalTestLoggerEvents.SendTestRunMessage: Invoking callback 1/1 for Microsoft.VisualStudio.TestPlatform.CommandLine.Internal.ConsoleLogger., took 0 ms.
TpTrace Verbose: 0 : 42888, 11, 2024/02/24, 10:59:01.895, 5459882982284, vstest.console.dll, MulticastDelegateUtilities.SafeInvoke: LengthPrefixCommunicationChannel: MessageReceived: Invoking callback 1/1 for Microsoft.VisualStudio.TestPlatform.CommunicationUtilities.TestRequestSender+<>c__DisplayClass34_0., took 1 ms.
TpTrace Verbose: 0 : 42888, 11, 2024/02/24, 10:59:01.895, 5459882986542, vstest.console.dll, TcpClientExtensions.MessageLoopAsync: Polling on remoteEndPoint: 127.0.0.1:49799 localEndPoint: 127.0.0.1:49798
TpTrace Verbose: 0 : 42888, 11, 2024/02/24, 10:59:01.895, 5459882988242, vstest.console.dll, TcpClientExtensions.MessageLoopAsync: NotifyDataAvailable remoteEndPoint: 127.0.0.1:49799 localEndPoint: 127.0.0.1:49798
TpTrace Verbose: 0 : 42888, 11, 2024/02/24, 10:59:01.895, 5459882990829, vstest.console.dll, TestRequestSender.OnExecutionMessageReceived: Received message: {"Version":7,"MessageType":"TestSession.Message","Payload":{"MessageLevel":0,"Message":"[xUnit.net 00:00:04.31]         /_/src/Moq/ExpressionExtensions.cs(240,0): at Moq.ExpressionExtensions.<Split>g__Split|5_0(Expression e, Expression& r, MethodExpectation& p, Boolean assignment, Boolean allowNonOverridableLastProperty)"}}
TpTrace Verbose: 0 : 42888, 11, 2024/02/24, 10:59:01.896, 5459882994852, vstest.console.dll, TestRunRequest:SendTestRunMessage: Starting.
TpTrace Verbose: 0 : 42888, 11, 2024/02/24, 10:59:01.896, 5459882997522, vstest.console.dll, MulticastDelegateUtilities.SafeInvoke: TestRun.LogMessages: Invoking callback 1/1 for Microsoft.VisualStudio.TestPlatform.CommandLine.TestRunResultAggregator., took 0 ms.
TpTrace Verbose: 0 : 42888, 4, 2024/02/24, 10:59:01.896, 5459882997874, vstest.console.dll, MulticastDelegateUtilities.SafeInvoke: InternalTestLoggerEvents.SendTestRunMessage: Invoking callback 1/1 for Microsoft.VisualStudio.TestPlatform.CommandLine.Internal.ConsoleLogger., took 0 ms.
TpTrace Information: 0 : 42888, 11, 2024/02/24, 10:59:01.896, 5459882998968, vstest.console.dll, TestRunRequest:SendTestRunMessage: Completed.
TpTrace Verbose: 0 : 42888, 11, 2024/02/24, 10:59:01.897, 5459883003850, vstest.console.dll, MulticastDelegateUtilities.SafeInvoke: LengthPrefixCommunicationChannel: MessageReceived: Invoking callback 1/1 for Microsoft.VisualStudio.TestPlatform.CommunicationUtilities.TestRequestSender+<>c__DisplayClass34_0., took 1 ms.
TpTrace Verbose: 0 : 42888, 11, 2024/02/24, 10:59:01.897, 5459883005124, vstest.console.dll, TcpClientExtensions.MessageLoopAsync: Polling on remoteEndPoint: 127.0.0.1:49799 localEndPoint: 127.0.0.1:49798
TpTrace Verbose: 0 : 42888, 11, 2024/02/24, 10:59:01.897, 5459883006787, vstest.console.dll, TcpClientExtensions.MessageLoopAsync: NotifyDataAvailable remoteEndPoint: 127.0.0.1:49799 localEndPoint: 127.0.0.1:49798
TpTrace Verbose: 0 : 42888, 11, 2024/02/24, 10:59:01.897, 5459883009853, vstest.console.dll, TestRequestSender.OnExecutionMessageReceived: Received message: {"Version":7,"MessageType":"TestSession.Message","Payload":{"MessageLevel":0,"Message":"[xUnit.net 00:00:04.31]         /_/src/Moq/ExpressionExtensions.cs(170,0): at Moq.ExpressionExtensions.Split(LambdaExpression expression, Boolean allowNonOverridableLastProperty)"}}
TpTrace Verbose: 0 : 42888, 11, 2024/02/24, 10:59:01.898, 5459883013104, vstest.console.dll, TestRunRequest:SendTestRunMessage: Starting.
TpTrace Verbose: 0 : 42888, 11, 2024/02/24, 10:59:01.898, 5459883015108, vstest.console.dll, MulticastDelegateUtilities.SafeInvoke: TestRun.LogMessages: Invoking callback 1/1 for Microsoft.VisualStudio.TestPlatform.CommandLine.TestRunResultAggregator., took 0 ms.
TpTrace Verbose: 0 : 42888, 4, 2024/02/24, 10:59:01.898, 5459883015485, vstest.console.dll, MulticastDelegateUtilities.SafeInvoke: InternalTestLoggerEvents.SendTestRunMessage: Invoking callback 1/1 for Microsoft.VisualStudio.TestPlatform.CommandLine.Internal.ConsoleLogger., took 0 ms.
TpTrace Information: 0 : 42888, 11, 2024/02/24, 10:59:01.898, 5459883017113, vstest.console.dll, TestRunRequest:SendTestRunMessage: Completed.
TpTrace Verbose: 0 : 42888, 11, 2024/02/24, 10:59:01.898, 5459883020962, vstest.console.dll, MulticastDelegateUtilities.SafeInvoke: LengthPrefixCommunicationChannel: MessageReceived: Invoking callback 1/1 for Microsoft.VisualStudio.TestPlatform.CommunicationUtilities.TestRequestSender+<>c__DisplayClass34_0., took 1 ms.
TpTrace Verbose: 0 : 42888, 11, 2024/02/24, 10:59:01.899, 5459883023000, vstest.console.dll, TcpClientExtensions.MessageLoopAsync: Polling on remoteEndPoint: 127.0.0.1:49799 localEndPoint: 127.0.0.1:49798
TpTrace Verbose: 0 : 42888, 11, 2024/02/24, 10:59:01.899, 5459883025036, vstest.console.dll, TcpClientExtensions.MessageLoopAsync: NotifyDataAvailable remoteEndPoint: 127.0.0.1:49799 localEndPoint: 127.0.0.1:49798
TpTrace Verbose: 0 : 42888, 11, 2024/02/24, 10:59:01.899, 5459883029735, vstest.console.dll, TestRequestSender.OnExecutionMessageReceived: Received message: {"Version":7,"MessageType":"TestSession.Message","Payload":{"MessageLevel":0,"Message":"[xUnit.net 00:00:04.31]         /_/src/Moq/Mock.cs(728,0): at Moq.Mock.SetupRecursive[TSetup](Mock mock, LambdaExpression expression, Func`4 setupLast, Boolean allowNonOverridableLastProperty)"}}
TpTrace Verbose: 0 : 42888, 11, 2024/02/24, 10:59:01.900, 5459883032913, vstest.console.dll, TestRunRequest:SendTestRunMessage: Starting.
TpTrace Verbose: 0 : 42888, 11, 2024/02/24, 10:59:01.900, 5459883035548, vstest.console.dll, MulticastDelegateUtilities.SafeInvoke: TestRun.LogMessages: Invoking callback 1/1 for Microsoft.VisualStudio.TestPlatform.CommandLine.TestRunResultAggregator., took 0 ms.
TpTrace Verbose: 0 : 42888, 4, 2024/02/24, 10:59:01.900, 5459883035893, vstest.console.dll, MulticastDelegateUtilities.SafeInvoke: InternalTestLoggerEvents.SendTestRunMessage: Invoking callback 1/1 for Microsoft.VisualStudio.TestPlatform.CommandLine.Internal.ConsoleLogger., took 0 ms.
TpTrace Information: 0 : 42888, 11, 2024/02/24, 10:59:01.900, 5459883037006, vstest.console.dll, TestRunRequest:SendTestRunMessage: Completed.
TpTrace Verbose: 0 : 42888, 11, 2024/02/24, 10:59:01.900, 5459883041022, vstest.console.dll, MulticastDelegateUtilities.SafeInvoke: LengthPrefixCommunicationChannel: MessageReceived: Invoking callback 1/1 for Microsoft.VisualStudio.TestPlatform.CommunicationUtilities.TestRequestSender+<>c__DisplayClass34_0., took 1 ms.
TpTrace Verbose: 0 : 42888, 11, 2024/02/24, 10:59:01.901, 5459883042430, vstest.console.dll, TcpClientExtensions.MessageLoopAsync: Polling on remoteEndPoint: 127.0.0.1:49799 localEndPoint: 127.0.0.1:49798
TpTrace Verbose: 0 : 42888, 11, 2024/02/24, 10:59:01.901, 5459883044488, vstest.console.dll, TcpClientExtensions.MessageLoopAsync: NotifyDataAvailable remoteEndPoint: 127.0.0.1:49799 localEndPoint: 127.0.0.1:49798
TpTrace Verbose: 0 : 42888, 11, 2024/02/24, 10:59:01.901, 5459883048103, vstest.console.dll, TestRequestSender.OnExecutionMessageReceived: Received message: {"Version":7,"MessageType":"TestSession.Message","Payload":{"MessageLevel":0,"Message":"[xUnit.net 00:00:04.31]         /_/src/Moq/Mock.cs(562,0): at Moq.Mock.Setup(Mock mock, LambdaExpression expression, Condition condition)"}}
TpTrace Verbose: 0 : 42888, 11, 2024/02/24, 10:59:01.902, 5459883054445, vstest.console.dll, TestRunRequest:SendTestRunMessage: Starting.
TpTrace Verbose: 0 : 42888, 11, 2024/02/24, 10:59:01.902, 5459883057863, vstest.console.dll, MulticastDelegateUtilities.SafeInvoke: TestRun.LogMessages: Invoking callback 1/1 for Microsoft.VisualStudio.TestPlatform.CommandLine.TestRunResultAggregator., took 0 ms.
TpTrace Information: 0 : 42888, 11, 2024/02/24, 10:59:01.902, 5459883059521, vstest.console.dll, TestRunRequest:SendTestRunMessage: Completed.
TpTrace Verbose: 0 : 42888, 11, 2024/02/24, 10:59:01.902, 5459883060861, vstest.console.dll, MulticastDelegateUtilities.SafeInvoke: LengthPrefixCommunicationChannel: MessageReceived: Invoking callback 1/1 for Microsoft.VisualStudio.TestPlatform.CommunicationUtilities.TestRequestSender+<>c__DisplayClass34_0., took 1 ms.
TpTrace Verbose: 0 : 42888, 4, 2024/02/24, 10:59:01.902, 5459883061291, vstest.console.dll, MulticastDelegateUtilities.SafeInvoke: InternalTestLoggerEvents.SendTestRunMessage: Invoking callback 1/1 for Microsoft.VisualStudio.TestPlatform.CommandLine.Internal.ConsoleLogger., took 0 ms.
TpTrace Verbose: 0 : 42888, 11, 2024/02/24, 10:59:01.903, 5459883062303, vstest.console.dll, TcpClientExtensions.MessageLoopAsync: Polling on remoteEndPoint: 127.0.0.1:49799 localEndPoint: 127.0.0.1:49798
TpTrace Verbose: 0 : 42888, 11, 2024/02/24, 10:59:01.903, 5459883065899, vstest.console.dll, TcpClientExtensions.MessageLoopAsync: NotifyDataAvailable remoteEndPoint: 127.0.0.1:49799 localEndPoint: 127.0.0.1:49798
TpTrace Verbose: 0 : 42888, 11, 2024/02/24, 10:59:01.903, 5459883068324, vstest.console.dll, TestRequestSender.OnExecutionMessageReceived: Received message: {"Version":7,"MessageType":"TestSession.Message","Payload":{"MessageLevel":0,"Message":"[xUnit.net 00:00:04.31]         /_/src/Moq/Mock`1.cs(645,0): at Moq.Mock`1.Setup[TResult](Expression`1 expression)"}}
TpTrace Verbose: 0 : 42888, 11, 2024/02/24, 10:59:01.903, 5459883070782, vstest.console.dll, TestRunRequest:SendTestRunMessage: Starting.
TpTrace Verbose: 0 : 42888, 11, 2024/02/24, 10:59:01.904, 5459883072869, vstest.console.dll, MulticastDelegateUtilities.SafeInvoke: TestRun.LogMessages: Invoking callback 1/1 for Microsoft.VisualStudio.TestPlatform.CommandLine.TestRunResultAggregator., took 0 ms.
TpTrace Verbose: 0 : 42888, 4, 2024/02/24, 10:59:01.904, 5459883073232, vstest.console.dll, MulticastDelegateUtilities.SafeInvoke: InternalTestLoggerEvents.SendTestRunMessage: Invoking callback 1/1 for Microsoft.VisualStudio.TestPlatform.CommandLine.Internal.ConsoleLogger., took 0 ms.
TpTrace Information: 0 : 42888, 11, 2024/02/24, 10:59:01.904, 5459883074706, vstest.console.dll, TestRunRequest:SendTestRunMessage: Completed.
TpTrace Verbose: 0 : 42888, 11, 2024/02/24, 10:59:01.904, 5459883078115, vstest.console.dll, MulticastDelegateUtilities.SafeInvoke: LengthPrefixCommunicationChannel: MessageReceived: Invoking callback 1/1 for Microsoft.VisualStudio.TestPlatform.CommunicationUtilities.TestRequestSender+<>c__DisplayClass34_0., took 1 ms.
TpTrace Verbose: 0 : 42888, 11, 2024/02/24, 10:59:01.904, 5459883079402, vstest.console.dll, TcpClientExtensions.MessageLoopAsync: Polling on remoteEndPoint: 127.0.0.1:49799 localEndPoint: 127.0.0.1:49798
TpTrace Verbose: 0 : 42888, 11, 2024/02/24, 10:59:01.904, 5459883080875, vstest.console.dll, TcpClientExtensions.MessageLoopAsync: NotifyDataAvailable remoteEndPoint: 127.0.0.1:49799 localEndPoint: 127.0.0.1:49798
TpTrace Verbose: 0 : 42888, 11, 2024/02/24, 10:59:01.905, 5459883083057, vstest.console.dll, TestRequestSender.OnExecutionMessageReceived: Received message: {"Version":7,"MessageType":"TestSession.Message","Payload":{"MessageLevel":0,"Message":"[xUnit.net 00:00:04.32]         C:\\Users\\user\\Desktop\\My-project\\MovieSearch\\MovieSearchBE\\MovieSearch.Api\\MovieSearchTesting\\ServiceImplementationTests\\MovieServiceTests.cs(40,0): at MovieSearchTesting.ServiceImplementation.MovieServiceTests.SearchMovieByTitleAsync_ShouldReturnSuccessResponse()"}}
TpTrace Verbose: 0 : 42888, 11, 2024/02/24, 10:59:01.905, 5459883085578, vstest.console.dll, TestRunRequest:SendTestRunMessage: Starting.
TpTrace Verbose: 0 : 42888, 11, 2024/02/24, 10:59:01.905, 5459883088229, vstest.console.dll, MulticastDelegateUtilities.SafeInvoke: TestRun.LogMessages: Invoking callback 1/1 for Microsoft.VisualStudio.TestPlatform.CommandLine.TestRunResultAggregator., took 0 ms.
TpTrace Verbose: 0 : 42888, 4, 2024/02/24, 10:59:01.905, 5459883088530, vstest.console.dll, MulticastDelegateUtilities.SafeInvoke: InternalTestLoggerEvents.SendTestRunMessage: Invoking callback 1/1 for Microsoft.VisualStudio.TestPlatform.CommandLine.Internal.ConsoleLogger., took 0 ms.
TpTrace Information: 0 : 42888, 11, 2024/02/24, 10:59:01.905, 5459883089843, vstest.console.dll, TestRunRequest:SendTestRunMessage: Completed.
TpTrace Verbose: 0 : 42888, 11, 2024/02/24, 10:59:01.906, 5459883093690, vstest.console.dll, MulticastDelegateUtilities.SafeInvoke: LengthPrefixCommunicationChannel: MessageReceived: Invoking callback 1/1 for Microsoft.VisualStudio.TestPlatform.CommunicationUtilities.TestRequestSender+<>c__DisplayClass34_0., took 1 ms.
TpTrace Verbose: 0 : 42888, 11, 2024/02/24, 10:59:01.906, 5459883095715, vstest.console.dll, TcpClientExtensions.MessageLoopAsync: Polling on remoteEndPoint: 127.0.0.1:49799 localEndPoint: 127.0.0.1:49798
TpTrace Verbose: 0 : 42888, 11, 2024/02/24, 10:59:01.906, 5459883097903, vstest.console.dll, TcpClientExtensions.MessageLoopAsync: NotifyDataAvailable remoteEndPoint: 127.0.0.1:49799 localEndPoint: 127.0.0.1:49798
TpTrace Verbose: 0 : 42888, 11, 2024/02/24, 10:59:01.906, 5459883100402, vstest.console.dll, TestRequestSender.OnExecutionMessageReceived: Received message: {"Version":7,"MessageType":"TestSession.Message","Payload":{"MessageLevel":0,"Message":"[xUnit.net 00:00:04.32]         --- End of stack trace from previous location ---"}}
TpTrace Verbose: 0 : 42888, 11, 2024/02/24, 10:59:01.907, 5459883104273, vstest.console.dll, TestRunRequest:SendTestRunMessage: Starting.
TpTrace Verbose: 0 : 42888, 11, 2024/02/24, 10:59:01.907, 5459883106429, vstest.console.dll, MulticastDelegateUtilities.SafeInvoke: TestRun.LogMessages: Invoking callback 1/1 for Microsoft.VisualStudio.TestPlatform.CommandLine.TestRunResultAggregator., took 0 ms.
TpTrace Information: 0 : 42888, 11, 2024/02/24, 10:59:01.907, 5459883109224, vstest.console.dll, TestRunRequest:SendTestRunMessage: Completed.
TpTrace Verbose: 0 : 42888, 11, 2024/02/24, 10:59:01.907, 5459883111388, vstest.console.dll, MulticastDelegateUtilities.SafeInvoke: LengthPrefixCommunicationChannel: MessageReceived: Invoking callback 1/1 for Microsoft.VisualStudio.TestPlatform.CommunicationUtilities.TestRequestSender+<>c__DisplayClass34_0., took 1 ms.
TpTrace Verbose: 0 : 42888, 11, 2024/02/24, 10:59:01.908, 5459883114595, vstest.console.dll, TcpClientExtensions.MessageLoopAsync: Polling on remoteEndPoint: 127.0.0.1:49799 localEndPoint: 127.0.0.1:49798
TpTrace Verbose: 0 : 42888, 4, 2024/02/24, 10:59:01.907, 5459883106761, vstest.console.dll, MulticastDelegateUtilities.SafeInvoke: InternalTestLoggerEvents.SendTestRunMessage: Invoking callback 1/1 for Microsoft.VisualStudio.TestPlatform.CommandLine.Internal.ConsoleLogger., took 0 ms.
TpTrace Verbose: 0 : 42888, 11, 2024/02/24, 10:59:01.962, 5459883651720, vstest.console.dll, TcpClientExtensions.MessageLoopAsync: NotifyDataAvailable remoteEndPoint: 127.0.0.1:49799 localEndPoint: 127.0.0.1:49798
TpTrace Verbose: 0 : 42888, 11, 2024/02/24, 10:59:01.962, 5459883655380, vstest.console.dll, TestRequestSender.OnExecutionMessageReceived: Received message: {"Version":7,"MessageType":"TestSession.Message","Payload":{"MessageLevel":2,"Message":"[xUnit.net 00:00:04.38]     MovieSearchTesting.ServiceImplementation.MovieServiceTests.SearchMovieByTitleAsync_ShouldReturnNotFoundResponseOnApi404 [FAIL]"}}
TpTrace Verbose: 0 : 42888, 11, 2024/02/24, 10:59:01.962, 5459883659058, vstest.console.dll, TestRunRequest:SendTestRunMessage: Starting.
TpTrace Verbose: 0 : 42888, 11, 2024/02/24, 10:59:01.963, 5459883661856, vstest.console.dll, MulticastDelegateUtilities.SafeInvoke: TestRun.LogMessages: Invoking callback 1/1 for Microsoft.VisualStudio.TestPlatform.CommandLine.TestRunResultAggregator., took 0 ms.
TpTrace Information: 0 : 42888, 11, 2024/02/24, 10:59:01.963, 5459883663226, vstest.console.dll, TestRunRequest:SendTestRunMessage: Completed.
TpTrace Verbose: 0 : 42888, 11, 2024/02/24, 10:59:01.963, 5459883664340, vstest.console.dll, MulticastDelegateUtilities.SafeInvoke: LengthPrefixCommunicationChannel: MessageReceived: Invoking callback 1/1 for Microsoft.VisualStudio.TestPlatform.CommunicationUtilities.TestRequestSender+<>c__DisplayClass34_0., took 0 ms.
TpTrace Verbose: 0 : 42888, 4, 2024/02/24, 10:59:01.963, 5459883665609, vstest.console.dll, MulticastDelegateUtilities.SafeInvoke: InternalTestLoggerEvents.SendTestRunMessage: Invoking callback 1/1 for Microsoft.VisualStudio.TestPlatform.CommandLine.Internal.ConsoleLogger., took 0 ms.
TpTrace Verbose: 0 : 42888, 11, 2024/02/24, 10:59:01.963, 5459883666895, vstest.console.dll, TcpClientExtensions.MessageLoopAsync: Polling on remoteEndPoint: 127.0.0.1:49799 localEndPoint: 127.0.0.1:49798
TpTrace Verbose: 0 : 42888, 11, 2024/02/24, 10:59:01.963, 5459883671313, vstest.console.dll, TcpClientExtensions.MessageLoopAsync: NotifyDataAvailable remoteEndPoint: 127.0.0.1:49799 localEndPoint: 127.0.0.1:49798
TpTrace Verbose: 0 : 42888, 11, 2024/02/24, 10:59:01.964, 5459883674342, vstest.console.dll, TestRequestSender.OnExecutionMessageReceived: Received message: {"Version":7,"MessageType":"TestSession.Message","Payload":{"MessageLevel":0,"Message":"[xUnit.net 00:00:04.38]       System.NotSupportedException : Unsupported expression: c => c.GetAsync(It.IsAny<string>())"}}
TpTrace Verbose: 0 : 42888, 11, 2024/02/24, 10:59:01.964, 5459883676500, vstest.console.dll, TestRunRequest:SendTestRunMessage: Starting.
TpTrace Verbose: 0 : 42888, 11, 2024/02/24, 10:59:01.964, 5459883678601, vstest.console.dll, MulticastDelegateUtilities.SafeInvoke: TestRun.LogMessages: Invoking callback 1/1 for Microsoft.VisualStudio.TestPlatform.CommandLine.TestRunResultAggregator., took 0 ms.
TpTrace Verbose: 0 : 42888, 4, 2024/02/24, 10:59:01.964, 5459883678871, vstest.console.dll, MulticastDelegateUtilities.SafeInvoke: InternalTestLoggerEvents.SendTestRunMessage: Invoking callback 1/1 for Microsoft.VisualStudio.TestPlatform.CommandLine.Internal.ConsoleLogger., took 0 ms.
TpTrace Information: 0 : 42888, 11, 2024/02/24, 10:59:01.964, 5459883680071, vstest.console.dll, TestRunRequest:SendTestRunMessage: Completed.
TpTrace Verbose: 0 : 42888, 11, 2024/02/24, 10:59:01.965, 5459883683647, vstest.console.dll, MulticastDelegateUtilities.SafeInvoke: LengthPrefixCommunicationChannel: MessageReceived: Invoking callback 1/1 for Microsoft.VisualStudio.TestPlatform.CommunicationUtilities.TestRequestSender+<>c__DisplayClass34_0., took 0 ms.
TpTrace Verbose: 0 : 42888, 11, 2024/02/24, 10:59:01.965, 5459883684676, vstest.console.dll, TcpClientExtensions.MessageLoopAsync: Polling on remoteEndPoint: 127.0.0.1:49799 localEndPoint: 127.0.0.1:49798
TpTrace Verbose: 0 : 42888, 11, 2024/02/24, 10:59:01.965, 5459883686757, vstest.console.dll, TcpClientExtensions.MessageLoopAsync: NotifyDataAvailable remoteEndPoint: 127.0.0.1:49799 localEndPoint: 127.0.0.1:49798
TpTrace Verbose: 0 : 42888, 11, 2024/02/24, 10:59:01.965, 5459883689284, vstest.console.dll, TestRequestSender.OnExecutionMessageReceived: Received message: {"Version":7,"MessageType":"TestSession.Message","Payload":{"MessageLevel":0,"Message":"[xUnit.net 00:00:04.38]       Non-overridable members (here: HttpClient.GetAsync) may not be used in setup / verification expressions."}}
TpTrace Verbose: 0 : 42888, 11, 2024/02/24, 10:59:01.965, 5459883691567, vstest.console.dll, TestRunRequest:SendTestRunMessage: Starting.
TpTrace Verbose: 0 : 42888, 11, 2024/02/24, 10:59:01.966, 5459883694303, vstest.console.dll, MulticastDelegateUtilities.SafeInvoke: TestRun.LogMessages: Invoking callback 1/1 for Microsoft.VisualStudio.TestPlatform.CommandLine.TestRunResultAggregator., took 0 ms.
TpTrace Information: 0 : 42888, 11, 2024/02/24, 10:59:01.966, 5459883695775, vstest.console.dll, TestRunRequest:SendTestRunMessage: Completed.
TpTrace Verbose: 0 : 42888, 4, 2024/02/24, 10:59:01.966, 5459883694701, vstest.console.dll, MulticastDelegateUtilities.SafeInvoke: InternalTestLoggerEvents.SendTestRunMessage: Invoking callback 1/1 for Microsoft.VisualStudio.TestPlatform.CommandLine.Internal.ConsoleLogger., took 0 ms.
TpTrace Verbose: 0 : 42888, 11, 2024/02/24, 10:59:01.966, 5459883697677, vstest.console.dll, MulticastDelegateUtilities.SafeInvoke: LengthPrefixCommunicationChannel: MessageReceived: Invoking callback 1/1 for Microsoft.VisualStudio.TestPlatform.CommunicationUtilities.TestRequestSender+<>c__DisplayClass34_0., took 0 ms.
TpTrace Verbose: 0 : 42888, 11, 2024/02/24, 10:59:01.966, 5459883700871, vstest.console.dll, TcpClientExtensions.MessageLoopAsync: Polling on remoteEndPoint: 127.0.0.1:49799 localEndPoint: 127.0.0.1:49798
TpTrace Verbose: 0 : 42888, 11, 2024/02/24, 10:59:01.967, 5459883702480, vstest.console.dll, TcpClientExtensions.MessageLoopAsync: NotifyDataAvailable remoteEndPoint: 127.0.0.1:49799 localEndPoint: 127.0.0.1:49798
TpTrace Verbose: 0 : 42888, 11, 2024/02/24, 10:59:01.967, 5459883704707, vstest.console.dll, TestRequestSender.OnExecutionMessageReceived: Received message: {"Version":7,"MessageType":"TestSession.Message","Payload":{"MessageLevel":0,"Message":"[xUnit.net 00:00:04.38]       Stack Trace:"}}
TpTrace Verbose: 0 : 42888, 11, 2024/02/24, 10:59:01.967, 5459883707572, vstest.console.dll, TestRunRequest:SendTestRunMessage: Starting.
TpTrace Verbose: 0 : 42888, 11, 2024/02/24, 10:59:01.967, 5459883709539, vstest.console.dll, MulticastDelegateUtilities.SafeInvoke: TestRun.LogMessages: Invoking callback 1/1 for Microsoft.VisualStudio.TestPlatform.CommandLine.TestRunResultAggregator., took 0 ms.
TpTrace Verbose: 0 : 42888, 4, 2024/02/24, 10:59:01.967, 5459883710012, vstest.console.dll, MulticastDelegateUtilities.SafeInvoke: InternalTestLoggerEvents.SendTestRunMessage: Invoking callback 1/1 for Microsoft.VisualStudio.TestPlatform.CommandLine.Internal.ConsoleLogger., took 0 ms.
TpTrace Information: 0 : 42888, 11, 2024/02/24, 10:59:01.968, 5459883712185, vstest.console.dll, TestRunRequest:SendTestRunMessage: Completed.
TpTrace Verbose: 0 : 42888, 11, 2024/02/24, 10:59:01.968, 5459883715277, vstest.console.dll, MulticastDelegateUtilities.SafeInvoke: LengthPrefixCommunicationChannel: MessageReceived: Invoking callback 1/1 for Microsoft.VisualStudio.TestPlatform.CommunicationUtilities.TestRequestSender+<>c__DisplayClass34_0., took 1 ms.
TpTrace Verbose: 0 : 42888, 11, 2024/02/24, 10:59:01.968, 5459883717477, vstest.console.dll, TcpClientExtensions.MessageLoopAsync: Polling on remoteEndPoint: 127.0.0.1:49799 localEndPoint: 127.0.0.1:49798
TpTrace Verbose: 0 : 42888, 11, 2024/02/24, 10:59:01.968, 5459883719101, vstest.console.dll, TcpClientExtensions.MessageLoopAsync: NotifyDataAvailable remoteEndPoint: 127.0.0.1:49799 localEndPoint: 127.0.0.1:49798
TpTrace Verbose: 0 : 42888, 11, 2024/02/24, 10:59:01.969, 5459883721896, vstest.console.dll, TestRequestSender.OnExecutionMessageReceived: Received message: {"Version":7,"MessageType":"TestSession.Message","Payload":{"MessageLevel":0,"Message":"[xUnit.net 00:00:04.38]         /_/src/Moq/Guard.cs(99,0): at Moq.Guard.IsOverridable(MethodInfo method, Expression expression)"}}
TpTrace Verbose: 0 : 42888, 11, 2024/02/24, 10:59:01.969, 5459883726981, vstest.console.dll, TestRunRequest:SendTestRunMessage: Starting.
TpTrace Verbose: 0 : 42888, 11, 2024/02/24, 10:59:01.969, 5459883729821, vstest.console.dll, MulticastDelegateUtilities.SafeInvoke: TestRun.LogMessages: Invoking callback 1/1 for Microsoft.VisualStudio.TestPlatform.CommandLine.TestRunResultAggregator., took 0 ms.
TpTrace Verbose: 0 : 42888, 4, 2024/02/24, 10:59:01.969, 5459883730054, vstest.console.dll, MulticastDelegateUtilities.SafeInvoke: InternalTestLoggerEvents.SendTestRunMessage: Invoking callback 1/1 for Microsoft.VisualStudio.TestPlatform.CommandLine.Internal.ConsoleLogger., took 0 ms.
TpTrace Information: 0 : 42888, 11, 2024/02/24, 10:59:01.969, 5459883731431, vstest.console.dll, TestRunRequest:SendTestRunMessage: Completed.
TpTrace Verbose: 0 : 42888, 11, 2024/02/24, 10:59:01.970, 5459883734843, vstest.console.dll, MulticastDelegateUtilities.SafeInvoke: LengthPrefixCommunicationChannel: MessageReceived: Invoking callback 1/1 for Microsoft.VisualStudio.TestPlatform.CommunicationUtilities.TestRequestSender+<>c__DisplayClass34_0., took 1 ms.
TpTrace Verbose: 0 : 42888, 11, 2024/02/24, 10:59:01.970, 5459883736113, vstest.console.dll, TcpClientExtensions.MessageLoopAsync: Polling on remoteEndPoint: 127.0.0.1:49799 localEndPoint: 127.0.0.1:49798
TpTrace Verbose: 0 : 42888, 11, 2024/02/24, 10:59:01.970, 5459883738685, vstest.console.dll, TcpClientExtensions.MessageLoopAsync: NotifyDataAvailable remoteEndPoint: 127.0.0.1:49799 localEndPoint: 127.0.0.1:49798
TpTrace Verbose: 0 : 42888, 11, 2024/02/24, 10:59:01.971, 5459883741778, vstest.console.dll, TestRequestSender.OnExecutionMessageReceived: Received message: {"Version":7,"MessageType":"TestSession.Message","Payload":{"MessageLevel":0,"Message":"[xUnit.net 00:00:04.38]         /_/src/Moq/MethodExpectation.cs(236,0): at Moq.MethodExpectation..ctor(LambdaExpression expression, MethodInfo method, IReadOnlyList`1 arguments, Boolean exactGenericTypeArguments, Boolean skipMatcherInitialization, Boolean allowNonOverridable)"}}
TpTrace Verbose: 0 : 42888, 11, 2024/02/24, 10:59:01.971, 5459883744257, vstest.console.dll, TestRunRequest:SendTestRunMessage: Starting.
TpTrace Verbose: 0 : 42888, 11, 2024/02/24, 10:59:01.971, 5459883746147, vstest.console.dll, MulticastDelegateUtilities.SafeInvoke: TestRun.LogMessages: Invoking callback 1/1 for Microsoft.VisualStudio.TestPlatform.CommandLine.TestRunResultAggregator., took 0 ms.
TpTrace Verbose: 0 : 42888, 4, 2024/02/24, 10:59:01.971, 5459883746500, vstest.console.dll, MulticastDelegateUtilities.SafeInvoke: InternalTestLoggerEvents.SendTestRunMessage: Invoking callback 1/1 for Microsoft.VisualStudio.TestPlatform.CommandLine.Internal.ConsoleLogger., took 0 ms.
TpTrace Information: 0 : 42888, 11, 2024/02/24, 10:59:01.971, 5459883747735, vstest.console.dll, TestRunRequest:SendTestRunMessage: Completed.
TpTrace Verbose: 0 : 42888, 11, 2024/02/24, 10:59:01.972, 5459883752134, vstest.console.dll, MulticastDelegateUtilities.SafeInvoke: LengthPrefixCommunicationChannel: MessageReceived: Invoking callback 1/1 for Microsoft.VisualStudio.TestPlatform.CommunicationUtilities.TestRequestSender+<>c__DisplayClass34_0., took 1 ms.
TpTrace Verbose: 0 : 42888, 11, 2024/02/24, 10:59:01.972, 5459883754458, vstest.console.dll, TcpClientExtensions.MessageLoopAsync: Polling on remoteEndPoint: 127.0.0.1:49799 localEndPoint: 127.0.0.1:49798
TpTrace Verbose: 0 : 42888, 11, 2024/02/24, 10:59:01.972, 5459883756028, vstest.console.dll, TcpClientExtensions.MessageLoopAsync: NotifyDataAvailable remoteEndPoint: 127.0.0.1:49799 localEndPoint: 127.0.0.1:49798
TpTrace Verbose: 0 : 42888, 11, 2024/02/24, 10:59:01.972, 5459883758261, vstest.console.dll, TestRequestSender.OnExecutionMessageReceived: Received message: {"Version":7,"MessageType":"TestSession.Message","Payload":{"MessageLevel":0,"Message":"[xUnit.net 00:00:04.39]         /_/src/Moq/ExpressionExtensions.cs(240,0): at Moq.ExpressionExtensions.<Split>g__Split|5_0(Expression e, Expression& r, MethodExpectation& p, Boolean assignment, Boolean allowNonOverridableLastProperty)"}}
TpTrace Verbose: 0 : 42888, 11, 2024/02/24, 10:59:01.972, 5459883761230, vstest.console.dll, TestRunRequest:SendTestRunMessage: Starting.
TpTrace Verbose: 0 : 42888, 11, 2024/02/24, 10:59:01.973, 5459883764533, vstest.console.dll, MulticastDelegateUtilities.SafeInvoke: TestRun.LogMessages: Invoking callback 1/1 for Microsoft.VisualStudio.TestPlatform.CommandLine.TestRunResultAggregator., took 0 ms.
TpTrace Verbose: 0 : 42888, 4, 2024/02/24, 10:59:01.973, 5459883764908, vstest.console.dll, MulticastDelegateUtilities.SafeInvoke: InternalTestLoggerEvents.SendTestRunMessage: Invoking callback 1/1 for Microsoft.VisualStudio.TestPlatform.CommandLine.Internal.ConsoleLogger., took 0 ms.
TpTrace Information: 0 : 42888, 11, 2024/02/24, 10:59:01.973, 5459883766128, vstest.console.dll, TestRunRequest:SendTestRunMessage: Completed.
TpTrace Verbose: 0 : 42888, 11, 2024/02/24, 10:59:01.973, 5459883769935, vstest.console.dll, MulticastDelegateUtilities.SafeInvoke: LengthPrefixCommunicationChannel: MessageReceived: Invoking callback 1/1 for Microsoft.VisualStudio.TestPlatform.CommunicationUtilities.TestRequestSender+<>c__DisplayClass34_0., took 1 ms.
TpTrace Verbose: 0 : 42888, 11, 2024/02/24, 10:59:01.974, 5459883771887, vstest.console.dll, TcpClientExtensions.MessageLoopAsync: Polling on remoteEndPoint: 127.0.0.1:49799 localEndPoint: 127.0.0.1:49798
TpTrace Verbose: 0 : 42888, 11, 2024/02/24, 10:59:01.974, 5459883773693, vstest.console.dll, TcpClientExtensions.MessageLoopAsync: NotifyDataAvailable remoteEndPoint: 127.0.0.1:49799 localEndPoint: 127.0.0.1:49798
TpTrace Verbose: 0 : 42888, 11, 2024/02/24, 10:59:01.974, 5459883776052, vstest.console.dll, TestRequestSender.OnExecutionMessageReceived: Received message: {"Version":7,"MessageType":"TestSession.Message","Payload":{"MessageLevel":0,"Message":"[xUnit.net 00:00:04.39]         /_/src/Moq/ExpressionExtensions.cs(170,0): at Moq.ExpressionExtensions.Split(LambdaExpression expression, Boolean allowNonOverridableLastProperty)"}}
TpTrace Verbose: 0 : 42888, 11, 2024/02/24, 10:59:01.974, 5459883778773, vstest.console.dll, TestRunRequest:SendTestRunMessage: Starting.
TpTrace Verbose: 0 : 42888, 11, 2024/02/24, 10:59:01.974, 5459883780552, vstest.console.dll, MulticastDelegateUtilities.SafeInvoke: TestRun.LogMessages: Invoking callback 1/1 for Microsoft.VisualStudio.TestPlatform.CommandLine.TestRunResultAggregator., took 0 ms.
TpTrace Verbose: 0 : 42888, 4, 2024/02/24, 10:59:01.974, 5459883780900, vstest.console.dll, MulticastDelegateUtilities.SafeInvoke: InternalTestLoggerEvents.SendTestRunMessage: Invoking callback 1/1 for Microsoft.VisualStudio.TestPlatform.CommandLine.Internal.ConsoleLogger., took 0 ms.
TpTrace Information: 0 : 42888, 11, 2024/02/24, 10:59:01.975, 5459883782374, vstest.console.dll, TestRunRequest:SendTestRunMessage: Completed.
TpTrace Verbose: 0 : 42888, 11, 2024/02/24, 10:59:01.975, 5459883786109, vstest.console.dll, MulticastDelegateUtilities.SafeInvoke: LengthPrefixCommunicationChannel: MessageReceived: Invoking callback 1/1 for Microsoft.VisualStudio.TestPlatform.CommunicationUtilities.TestRequestSender+<>c__DisplayClass34_0., took 1 ms.
TpTrace Verbose: 0 : 42888, 11, 2024/02/24, 10:59:01.975, 5459883787333, vstest.console.dll, TcpClientExtensions.MessageLoopAsync: Polling on remoteEndPoint: 127.0.0.1:49799 localEndPoint: 127.0.0.1:49798
TpTrace Verbose: 0 : 42888, 11, 2024/02/24, 10:59:01.975, 5459883788887, vstest.console.dll, TcpClientExtensions.MessageLoopAsync: NotifyDataAvailable remoteEndPoint: 127.0.0.1:49799 localEndPoint: 127.0.0.1:49798
TpTrace Verbose: 0 : 42888, 11, 2024/02/24, 10:59:01.975, 5459883790819, vstest.console.dll, TestRequestSender.OnExecutionMessageReceived: Received message: {"Version":7,"MessageType":"TestSession.Message","Payload":{"MessageLevel":0,"Message":"[xUnit.net 00:00:04.39]         /_/src/Moq/Mock.cs(728,0): at Moq.Mock.SetupRecursive[TSetup](Mock mock, LambdaExpression expression, Func`4 setupLast, Boolean allowNonOverridableLastProperty)"}}
TpTrace Verbose: 0 : 42888, 11, 2024/02/24, 10:59:01.976, 5459883793340, vstest.console.dll, TestRunRequest:SendTestRunMessage: Starting.
TpTrace Verbose: 0 : 42888, 11, 2024/02/24, 10:59:01.976, 5459883795319, vstest.console.dll, MulticastDelegateUtilities.SafeInvoke: TestRun.LogMessages: Invoking callback 1/1 for Microsoft.VisualStudio.TestPlatform.CommandLine.TestRunResultAggregator., took 0 ms.
TpTrace Verbose: 0 : 42888, 4, 2024/02/24, 10:59:01.976, 5459883795702, vstest.console.dll, MulticastDelegateUtilities.SafeInvoke: InternalTestLoggerEvents.SendTestRunMessage: Invoking callback 1/1 for Microsoft.VisualStudio.TestPlatform.CommandLine.Internal.ConsoleLogger., took 0 ms.
TpTrace Information: 0 : 42888, 11, 2024/02/24, 10:59:01.976, 5459883796780, vstest.console.dll, TestRunRequest:SendTestRunMessage: Completed.
TpTrace Verbose: 0 : 42888, 11, 2024/02/24, 10:59:01.976, 5459883800190, vstest.console.dll, MulticastDelegateUtilities.SafeInvoke: LengthPrefixCommunicationChannel: MessageReceived: Invoking callback 1/1 for Microsoft.VisualStudio.TestPlatform.CommunicationUtilities.TestRequestSender+<>c__DisplayClass34_0., took 0 ms.
TpTrace Verbose: 0 : 42888, 11, 2024/02/24, 10:59:01.976, 5459883801477, vstest.console.dll, TcpClientExtensions.MessageLoopAsync: Polling on remoteEndPoint: 127.0.0.1:49799 localEndPoint: 127.0.0.1:49798
TpTrace Verbose: 0 : 42888, 11, 2024/02/24, 10:59:01.977, 5459883803094, vstest.console.dll, TcpClientExtensions.MessageLoopAsync: NotifyDataAvailable remoteEndPoint: 127.0.0.1:49799 localEndPoint: 127.0.0.1:49798
TpTrace Verbose: 0 : 42888, 11, 2024/02/24, 10:59:01.977, 5459883805168, vstest.console.dll, TestRequestSender.OnExecutionMessageReceived: Received message: {"Version":7,"MessageType":"TestSession.Message","Payload":{"MessageLevel":0,"Message":"[xUnit.net 00:00:04.39]         /_/src/Moq/Mock.cs(562,0): at Moq.Mock.Setup(Mock mock, LambdaExpression expression, Condition condition)"}}
TpTrace Verbose: 0 : 42888, 11, 2024/02/24, 10:59:01.977, 5459883807524, vstest.console.dll, TestRunRequest:SendTestRunMessage: Starting.
TpTrace Verbose: 0 : 42888, 11, 2024/02/24, 10:59:01.977, 5459883810442, vstest.console.dll, MulticastDelegateUtilities.SafeInvoke: TestRun.LogMessages: Invoking callback 1/1 for Microsoft.VisualStudio.TestPlatform.CommandLine.TestRunResultAggregator., took 0 ms.
TpTrace Verbose: 0 : 42888, 4, 2024/02/24, 10:59:01.977, 5459883810848, vstest.console.dll, MulticastDelegateUtilities.SafeInvoke: InternalTestLoggerEvents.SendTestRunMessage: Invoking callback 1/1 for Microsoft.VisualStudio.TestPlatform.CommandLine.Internal.ConsoleLogger., took 0 ms.
TpTrace Information: 0 : 42888, 11, 2024/02/24, 10:59:01.978, 5459883811859, vstest.console.dll, TestRunRequest:SendTestRunMessage: Completed.
TpTrace Verbose: 0 : 42888, 11, 2024/02/24, 10:59:01.978, 5459883816302, vstest.console.dll, MulticastDelegateUtilities.SafeInvoke: LengthPrefixCommunicationChannel: MessageReceived: Invoking callback 1/1 for Microsoft.VisualStudio.TestPlatform.CommunicationUtilities.TestRequestSender+<>c__DisplayClass34_0., took 1 ms.
TpTrace Verbose: 0 : 42888, 11, 2024/02/24, 10:59:01.978, 5459883817651, vstest.console.dll, TcpClientExtensions.MessageLoopAsync: Polling on remoteEndPoint: 127.0.0.1:49799 localEndPoint: 127.0.0.1:49798
TpTrace Verbose: 0 : 42888, 11, 2024/02/24, 10:59:01.978, 5459883819409, vstest.console.dll, TcpClientExtensions.MessageLoopAsync: NotifyDataAvailable remoteEndPoint: 127.0.0.1:49799 localEndPoint: 127.0.0.1:49798
TpTrace Verbose: 0 : 42888, 11, 2024/02/24, 10:59:01.978, 5459883821424, vstest.console.dll, TestRequestSender.OnExecutionMessageReceived: Received message: {"Version":7,"MessageType":"TestSession.Message","Payload":{"MessageLevel":0,"Message":"[xUnit.net 00:00:04.39]         /_/src/Moq/Mock`1.cs(645,0): at Moq.Mock`1.Setup[TResult](Expression`1 expression)"}}
TpTrace Verbose: 0 : 42888, 11, 2024/02/24, 10:59:01.979, 5459883823727, vstest.console.dll, TestRunRequest:SendTestRunMessage: Starting.
TpTrace Verbose: 0 : 42888, 11, 2024/02/24, 10:59:01.979, 5459883827449, vstest.console.dll, MulticastDelegateUtilities.SafeInvoke: TestRun.LogMessages: Invoking callback 1/1 for Microsoft.VisualStudio.TestPlatform.CommandLine.TestRunResultAggregator., took 0 ms.
TpTrace Verbose: 0 : 42888, 4, 2024/02/24, 10:59:01.979, 5459883827895, vstest.console.dll, MulticastDelegateUtilities.SafeInvoke: InternalTestLoggerEvents.SendTestRunMessage: Invoking callback 1/1 for Microsoft.VisualStudio.TestPlatform.CommandLine.Internal.ConsoleLogger., took 0 ms.
TpTrace Information: 0 : 42888, 11, 2024/02/24, 10:59:01.979, 5459883829696, vstest.console.dll, TestRunRequest:SendTestRunMessage: Completed.
TpTrace Verbose: 0 : 42888, 11, 2024/02/24, 10:59:01.980, 5459883832849, vstest.console.dll, MulticastDelegateUtilities.SafeInvoke: LengthPrefixCommunicationChannel: MessageReceived: Invoking callback 1/1 for Microsoft.VisualStudio.TestPlatform.CommunicationUtilities.TestRequestSender+<>c__DisplayClass34_0., took 1 ms.
TpTrace Verbose: 0 : 42888, 11, 2024/02/24, 10:59:01.980, 5459883834136, vstest.console.dll, TcpClientExtensions.MessageLoopAsync: Polling on remoteEndPoint: 127.0.0.1:49799 localEndPoint: 127.0.0.1:49798
TpTrace Verbose: 0 : 42888, 11, 2024/02/24, 10:59:01.980, 5459883836525, vstest.console.dll, TcpClientExtensions.MessageLoopAsync: NotifyDataAvailable remoteEndPoint: 127.0.0.1:49799 localEndPoint: 127.0.0.1:49798
TpTrace Verbose: 0 : 42888, 11, 2024/02/24, 10:59:01.980, 5459883839923, vstest.console.dll, TestRequestSender.OnExecutionMessageReceived: Received message: {"Version":7,"MessageType":"TestSession.Message","Payload":{"MessageLevel":0,"Message":"[xUnit.net 00:00:04.39]         C:\\Users\\user\\Desktop\\My-project\\MovieSearch\\MovieSearchBE\\MovieSearch.Api\\MovieSearchTesting\\ServiceImplementationTests\\MovieServiceTests.cs(77,0): at MovieSearchTesting.ServiceImplementation.MovieServiceTests.SearchMovieByTitleAsync_ShouldReturnNotFoundResponseOnApi404()"}}
TpTrace Verbose: 0 : 42888, 11, 2024/02/24, 10:59:01.981, 5459883842598, vstest.console.dll, TestRunRequest:SendTestRunMessage: Starting.
TpTrace Verbose: 0 : 42888, 11, 2024/02/24, 10:59:01.981, 5459883844453, vstest.console.dll, MulticastDelegateUtilities.SafeInvoke: TestRun.LogMessages: Invoking callback 1/1 for Microsoft.VisualStudio.TestPlatform.CommandLine.TestRunResultAggregator., took 0 ms.
TpTrace Information: 0 : 42888, 11, 2024/02/24, 10:59:01.981, 5459883845839, vstest.console.dll, TestRunRequest:SendTestRunMessage: Completed.
TpTrace Verbose: 0 : 42888, 4, 2024/02/24, 10:59:01.981, 5459883844939, vstest.console.dll, MulticastDelegateUtilities.SafeInvoke: InternalTestLoggerEvents.SendTestRunMessage: Invoking callback 1/1 for Microsoft.VisualStudio.TestPlatform.CommandLine.Internal.ConsoleLogger., took 0 ms.
TpTrace Verbose: 0 : 42888, 11, 2024/02/24, 10:59:01.981, 5459883848691, vstest.console.dll, MulticastDelegateUtilities.SafeInvoke: LengthPrefixCommunicationChannel: MessageReceived: Invoking callback 1/1 for Microsoft.VisualStudio.TestPlatform.CommunicationUtilities.TestRequestSender+<>c__DisplayClass34_0., took 0 ms.
TpTrace Verbose: 0 : 42888, 11, 2024/02/24, 10:59:01.982, 5459883851809, vstest.console.dll, TcpClientExtensions.MessageLoopAsync: Polling on remoteEndPoint: 127.0.0.1:49799 localEndPoint: 127.0.0.1:49798
TpTrace Verbose: 0 : 42888, 11, 2024/02/24, 10:59:01.982, 5459883853394, vstest.console.dll, TcpClientExtensions.MessageLoopAsync: NotifyDataAvailable remoteEndPoint: 127.0.0.1:49799 localEndPoint: 127.0.0.1:49798
TpTrace Verbose: 0 : 42888, 11, 2024/02/24, 10:59:01.982, 5459883855338, vstest.console.dll, TestRequestSender.OnExecutionMessageReceived: Received message: {"Version":7,"MessageType":"TestSession.Message","Payload":{"MessageLevel":0,"Message":"[xUnit.net 00:00:04.39]         --- End of stack trace from previous location ---"}}
TpTrace Verbose: 0 : 42888, 11, 2024/02/24, 10:59:01.982, 5459883857629, vstest.console.dll, TestRunRequest:SendTestRunMessage: Starting.
TpTrace Verbose: 0 : 42888, 11, 2024/02/24, 10:59:01.982, 5459883859759, vstest.console.dll, MulticastDelegateUtilities.SafeInvoke: TestRun.LogMessages: Invoking callback 1/1 for Microsoft.VisualStudio.TestPlatform.CommandLine.TestRunResultAggregator., took 0 ms.
TpTrace Information: 0 : 42888, 11, 2024/02/24, 10:59:01.982, 5459883861117, vstest.console.dll, TestRunRequest:SendTestRunMessage: Completed.
TpTrace Verbose: 0 : 42888, 4, 2024/02/24, 10:59:01.982, 5459883860153, vstest.console.dll, MulticastDelegateUtilities.SafeInvoke: InternalTestLoggerEvents.SendTestRunMessage: Invoking callback 1/1 for Microsoft.VisualStudio.TestPlatform.CommandLine.Internal.ConsoleLogger., took 0 ms.
TpTrace Verbose: 0 : 42888, 11, 2024/02/24, 10:59:01.983, 5459883862436, vstest.console.dll, MulticastDelegateUtilities.SafeInvoke: LengthPrefixCommunicationChannel: MessageReceived: Invoking callback 1/1 for Microsoft.VisualStudio.TestPlatform.CommunicationUtilities.TestRequestSender+<>c__DisplayClass34_0., took 0 ms.
TpTrace Verbose: 0 : 42888, 11, 2024/02/24, 10:59:01.983, 5459883865639, vstest.console.dll, TcpClientExtensions.MessageLoopAsync: Polling on remoteEndPoint: 127.0.0.1:49799 localEndPoint: 127.0.0.1:49798
TpTrace Verbose: 0 : 42888, 11, 2024/02/24, 10:59:01.988, 5459883913788, vstest.console.dll, TcpClientExtensions.MessageLoopAsync: NotifyDataAvailable remoteEndPoint: 127.0.0.1:49799 localEndPoint: 127.0.0.1:49798
TpTrace Verbose: 0 : 42888, 11, 2024/02/24, 10:59:01.988, 5459883916787, vstest.console.dll, TestRequestSender.OnExecutionMessageReceived: Received message: {"Version":7,"MessageType":"TestSession.Message","Payload":{"MessageLevel":0,"Message":"[xUnit.net 00:00:04.40]   Finished:    MovieSearchTesting"}}
TpTrace Verbose: 0 : 42888, 11, 2024/02/24, 10:59:01.988, 5459883919345, vstest.console.dll, TestRunRequest:SendTestRunMessage: Starting.
TpTrace Verbose: 0 : 42888, 11, 2024/02/24, 10:59:01.988, 5459883921233, vstest.console.dll, MulticastDelegateUtilities.SafeInvoke: TestRun.LogMessages: Invoking callback 1/1 for Microsoft.VisualStudio.TestPlatform.CommandLine.TestRunResultAggregator., took 0 ms.
TpTrace Verbose: 0 : 42888, 4, 2024/02/24, 10:59:01.989, 5459883921697, vstest.console.dll, MulticastDelegateUtilities.SafeInvoke: InternalTestLoggerEvents.SendTestRunMessage: Invoking callback 1/1 for Microsoft.VisualStudio.TestPlatform.CommandLine.Internal.ConsoleLogger., took 0 ms.
TpTrace Information: 0 : 42888, 11, 2024/02/24, 10:59:01.989, 5459883922513, vstest.console.dll, TestRunRequest:SendTestRunMessage: Completed.
TpTrace Verbose: 0 : 42888, 11, 2024/02/24, 10:59:01.989, 5459883925909, vstest.console.dll, MulticastDelegateUtilities.SafeInvoke: LengthPrefixCommunicationChannel: MessageReceived: Invoking callback 1/1 for Microsoft.VisualStudio.TestPlatform.CommunicationUtilities.TestRequestSender+<>c__DisplayClass34_0., took 0 ms.
TpTrace Verbose: 0 : 42888, 11, 2024/02/24, 10:59:01.989, 5459883927158, vstest.console.dll, TcpClientExtensions.MessageLoopAsync: Polling on remoteEndPoint: 127.0.0.1:49799 localEndPoint: 127.0.0.1:49798
TpTrace Verbose: 0 : 42888, 11, 2024/02/24, 10:59:02.051, 5459884544956, vstest.console.dll, TcpClientExtensions.MessageLoopAsync: NotifyDataAvailable remoteEndPoint: 127.0.0.1:49799 localEndPoint: 127.0.0.1:49798
TpTrace Verbose: 0 : 42888, 11, 2024/02/24, 10:59:02.051, 5459884550109, vstest.console.dll, TestRequestSender.OnExecutionMessageReceived: Received message: {"Version":7,"MessageType":"TestExecution.Completed","Payload":{"TestRunCompleteArgs":{"TestRunStatistics":{"ExecutedTests":2,"Stats":{"Failed":2}},"IsCanceled":false,"IsAborted":false,"Error":null,"AttachmentSets":[],"InvokedDataCollectors":[],"ElapsedTimeInRunningTests":"00:00:04.4382281","Metrics":{},"DiscoveredExtensions":{"TestDiscoverers":["Xunit.Runner.VisualStudio.VsTestRunner, xunit.runner.visualstudio.dotnetcore.testadapter, Version=2.4.0.0, Culture=neutral, PublicKeyToken=8d05b1bb7a6fdb6c"],"TestExecutors":["executor://xunit/VsTestRunner2/netcoreapp"],"TestExecutors2":[],"TestSettingsProviders":[]}},"LastRunTests":{"NewTestResults":[{"TestCase":{"Id":"b5bb2504-df09-c57c-cd57-ec816e4d10e2","FullyQualifiedName":"MovieSearchTesting.ServiceImplementation.MovieServiceTests.SearchMovieByTitleAsync_ShouldReturnSuccessResponse","DisplayName":"MovieSearchTesting.ServiceImplementation.MovieServiceTests.SearchMovieByTitleAsync_ShouldReturnSuccessResponse","ExecutorUri":"executor://xunit/VsTestRunner2/netcoreapp","Source":"C:\\Users\\user\\Desktop\\My-project\\MovieSearch\\MovieSearchBE\\MovieSearch.Api\\MovieSearchTesting\\bin\\Debug\\net7.0\\fine-code-coverage\\build-output\\MovieSearchTesting.dll","CodeFilePath":null,"LineNumber":0,"Properties":[]},"Attachments":[],"Outcome":2,"ErrorMessage":"System.NotSupportedException : Unsupported expression: c => c.GetAsync(It.IsAny<string>())\r\nNon-overridable members (here: HttpClient.GetAsync) may not be used in setup / verification expressions.","ErrorStackTrace":"   at Moq.Guard.IsOverridable(MethodInfo method, Expression expression) in /_/src/Moq/Guard.cs:line 99\r\n   at Moq.MethodExpectation..ctor(LambdaExpression expression, MethodInfo method, IReadOnlyList`1 arguments, Boolean exactGenericTypeArguments, Boolean skipMatcherInitialization, Boolean allowNonOverridable) in /_/src/Moq/MethodExpectation.cs:line 236\r\n   at Moq.ExpressionExtensions.<Split>g__Split|5_0(Expression e, Expression& r, MethodExpectation& p, Boolean assignment, Boolean allowNonOverridableLastProperty) in /_/src/Moq/ExpressionExtensions.cs:line 240\r\n   at Moq.ExpressionExtensions.Split(LambdaExpression expression, Boolean allowNonOverridableLastProperty) in /_/src/Moq/ExpressionExtensions.cs:line 170\r\n   at Moq.Mock.SetupRecursive[TSetup](Mock mock, LambdaExpression expression, Func`4 setupLast, Boolean allowNonOverridableLastProperty) in /_/src/Moq/Mock.cs:line 728\r\n   at Moq.Mock.Setup(Mock mock, LambdaExpression expression, Condition condition) in /_/src/Moq/Mock.cs:line 562\r\n   at Moq.Mock`1.Setup[TResult](Expression`1 expression) in /_/src/Moq/Mock`1.cs:line 645\r\n   at MovieSearchTesting.ServiceImplementation.MovieServiceTests.SearchMovieByTitleAsync_ShouldReturnSuccessResponse() in C:\\Users\\user\\Desktop\\My-project\\MovieSearch\\MovieSearchBE\\MovieSearch.Api\\MovieSearchTesting\\ServiceImplementationTests\\MovieServiceTests.cs:line 40\r\n--- End of stack trace from previous location ---","DisplayName":"MovieSearchTesting.ServiceImplementation.MovieServiceTests.SearchMovieByTitleAsync_ShouldReturnSuccessResponse","Messages":[],"ComputerName":"DESKTOP-VMTE4F8","Duration":"00:00:00.2634159","StartTime":"2024-02-24T09:59:01.9045176+00:00","EndTime":"2024-02-24T09:59:01.9045886+00:00","Properties":[]},{"TestCase":{"Id":"64c4fbd9-9f12-9677-1503-35ebb178cca9","FullyQualifiedName":"MovieSearchTesting.ServiceImplementation.MovieServiceTests.SearchMovieByTitleAsync_ShouldReturnNotFoundResponseOnApi404","DisplayName":"MovieSearchTesting.ServiceImplementation.MovieServiceTests.SearchMovieByTitleAsync_ShouldReturnNotFoundResponseOnApi404","ExecutorUri":"executor://xunit/VsTestRunner2/netcoreapp","Source":"C:\\Users\\user\\Desktop\\My-project\\MovieSearch\\MovieSearchBE\\MovieSearch.Api\\MovieSearchTesting\\bin\\Debug\\net7.0\\fine-code-coverage\\build-output\\MovieSearchTesting.dll","CodeFilePath":null,"LineNumber":0,"Properties":[]},"Attachments":[],"Outcome":2,"ErrorMessage":"System.NotSupportedException : Unsupported expression: c => c.GetAsync(It.IsAny<string>())\r\nNon-overridable members (here: HttpClient.GetAsync) may not be used in setup / verification expressions.","ErrorStackTrace":"   at Moq.Guard.IsOverridable(MethodInfo method, Expression expression) in /_/src/Moq/Guard.cs:line 99\r\n   at Moq.MethodExpectation..ctor(LambdaExpression expression, MethodInfo method, IReadOnlyList`1 arguments, Boolean exactGenericTypeArguments, Boolean skipMatcherInitialization, Boolean allowNonOverridable) in /_/src/Moq/MethodExpectation.cs:line 236\r\n   at Moq.ExpressionExtensions.<Split>g__Split|5_0(Expression e, Expression& r, MethodExpectation& p, Boolean assignment, Boolean allowNonOverridableLastProperty) in /_/src/Moq/ExpressionExtensions.cs:line 240\r\n   at Moq.ExpressionExtensions.Split(LambdaExpression expression, Boolean allowNonOverridableLastProperty) in /_/src/Moq/ExpressionExtensions.cs:line 170\r\n   at Moq.Mock.SetupRecursive[TSetup](Mock mock, LambdaExpression expression, Func`4 setupLast, Boolean allowNonOverridableLastProperty) in /_/src/Moq/Mock.cs:line 728\r\n   at Moq.Mock.Setup(Mock mock, LambdaExpression expression, Condition condition) in /_/src/Moq/Mock.cs:line 562\r\n   at Moq.Mock`1.Setup[TResult](Expression`1 expression) in /_/src/Moq/Mock`1.cs:line 645\r\n   at MovieSearchTesting.ServiceImplementation.MovieServiceTests.SearchMovieByTitleAsync_ShouldReturnNotFoundResponseOnApi404() in C:\\Users\\user\\Desktop\\My-project\\MovieSearch\\MovieSearchBE\\MovieSearch.Api\\MovieSearchTesting\\ServiceImplementationTests\\MovieServiceTests.cs:line 77\r\n--- End of stack trace from previous location ---","DisplayName":"MovieSearchTesting.ServiceImplementation.MovieServiceTests.SearchMovieByTitleAsync_ShouldReturnNotFoundResponseOnApi404","Messages":[],"ComputerName":"DESKTOP-VMTE4F8","Duration":"00:00:00.0102658","StartTime":"2024-02-24T09:59:01.9755609+00:00","EndTime":"2024-02-24T09:59:01.9755614+00:00","Properties":[]}],"TestRunStatistics":{"ExecutedTests":2,"Stats":{"Failed":2}},"ActiveTests":[]},"RunAttachments":[],"ExecutorUris":["executor://xunit/VsTestRunner2/netcoreapp"]}}
TpTrace Verbose: 0 : 42888, 11, 2024/02/24, 10:59:02.052, 5459884556466, vstest.console.dll, TestRequestSender.EndSession: Sending end session.
TpTrace Verbose: 0 : 42888, 11, 2024/02/24, 10:59:02.053, 5459884562161, vstest.console.dll, ProxyOperationManager.Close: waiting for test host to exit for 100 ms
TpTrace Verbose: 0 : 42888, 12, 2024/02/24, 10:59:02.088, 5459884916602, vstest.console.dll, TestHostManagerCallbacks.ctor: Experimental forwarding output is disabled.
TpTrace Warning: 0 : 42888, 12, 2024/02/24, 10:59:02.088, 5459884919293, vstest.console.dll, TestHostManagerCallbacks.ErrorReceivedCallback Test host standard error line: 
TpTrace Verbose: 0 : 42888, 12, 2024/02/24, 10:59:02.124, 5459885272424, vstest.console.dll, TestHostProvider.ExitCallBack: Host exited starting callback.
TpTrace Information: 0 : 42888, 12, 2024/02/24, 10:59:02.124, 5459885277180, vstest.console.dll, TestHostManagerCallbacks.ExitCallBack: Testhost processId: 39580 exited with exitcode: 0 error: ''
TpTrace Verbose: 0 : 42888, 12, 2024/02/24, 10:59:02.124, 5459885278938, vstest.console.dll, DotnetTestHostManager.OnHostExited: invoking OnHostExited callback
TpTrace Verbose: 0 : 42888, 12, 2024/02/24, 10:59:02.124, 5459885280586, vstest.console.dll, CrossPlatEngine.TestHostManagerHostExited: calling on client process exit callback.
TpTrace Information: 0 : 42888, 12, 2024/02/24, 10:59:02.125, 5459885282337, vstest.console.dll, TestRequestSender.OnClientProcessExit: Test host process exited. Standard error: 
TpTrace Information: 0 : 42888, 11, 2024/02/24, 10:59:02.125, 5459885284000, vstest.console.dll, SocketServer.Stop: Stop server endPoint: 127.0.0.1:49798
TpTrace Information: 0 : 42888, 11, 2024/02/24, 10:59:02.125, 5459885285739, vstest.console.dll, SocketServer.Stop: Cancellation requested. Stopping message loop.
TpTrace Information: 0 : 42888, 12, 2024/02/24, 10:59:02.125, 5459885283966, vstest.console.dll, SocketServer.Stop: Stop server endPoint: 127.0.0.1:49798
TpTrace Information: 0 : 42888, 12, 2024/02/24, 10:59:02.125, 5459885289001, vstest.console.dll, SocketServer.Stop: Cancellation requested. Stopping message loop.
TpTrace Information: 0 : 42888, 11, 2024/02/24, 10:59:02.125, 5459885289903, vstest.console.dll, Closing the connection
TpTrace Verbose: 0 : 42888, 12, 2024/02/24, 10:59:02.125, 5459885290696, vstest.console.dll, MulticastDelegateUtilities.SafeInvoke: HostProviderEvents.OnHostExited: Invoking callback 1/1 for Microsoft.VisualStudio.TestPlatform.CrossPlatEngine.Client.ProxyOperationManager., took 1 ms.
TpTrace Verbose: 0 : 42888, 11, 2024/02/24, 10:59:02.126, 5459885297647, vstest.console.dll, ProxyDataCollectionManager.InvokeDataCollectionServiceAction: Starting.
TpTrace Information: 0 : 42888, 11, 2024/02/24, 10:59:02.126, 5459885299520, vstest.console.dll, ProxyDataCollectionManager.AfterTestRunEnd: Get attachment set and invoked data collectors processId: 40392 port: 49792
TpTrace Verbose: 0 : 42888, 11, 2024/02/24, 10:59:02.126, 5459885301120, vstest.console.dll, DataCollectionRequestSender.SendAfterTestRunStartAndGetResult: Send AfterTestRunEnd message with isCancelled: False
TpTrace Verbose: 0 : 42888, 11, 2024/02/24, 10:59:02.150, 5459885535072, vstest.console.dll, DataCollectionRequestSender.SendAfterTestRunStartAndGetResult: Received message: (DataCollection.AfterTestRunEndResult) -> {"MessageType":"DataCollection.AfterTestRunEndResult","Payload":{"AttachmentSets":[],"InvokedDataCollectors":[{"Uri":"datacollector://Microsoft/TestPlatform/Extensions/Blame/v1","FriendlyName":"Blame","AssemblyQualifiedName":"Microsoft.TestPlatform.Extensions.BlameDataCollector.BlameCollector, Microsoft.TestPlatform.Extensions.BlameDataCollector, Version=15.0.0.0, Culture=neutral, PublicKeyToken=b03f5f7f11d50a3a","FilePath":"C:\\Program Files\\dotnet\\sdk\\7.0.402\\Extensions\\Microsoft.TestPlatform.Extensions.BlameDataCollector.dll","HasAttachmentProcessor":false}],"Metrics":{}}}
TpTrace Information: 0 : 42888, 11, 2024/02/24, 10:59:02.174, 5459885778195, vstest.console.dll, ProxyDataCollectionManager.InvokeDataCollectionServiceAction: Completed.
TpTrace Warning: 0 : 42888, 10, 2024/02/24, 10:59:02.201, 5459886043797, vstest.console.dll, DataCollectionLauncher.ErrorReceivedCallback datacollector standard error line: 
TpTrace Information: 0 : 42888, 10, 2024/02/24, 10:59:02.231, 5459886347283, vstest.console.dll, DataCollectionLauncher.ExitCallBack: Data collector exited with exitcode: 0 error: ''
TpTrace Verbose: 0 : 42888, 11, 2024/02/24, 10:59:02.331, 5459887344952, vstest.console.dll, TestRunRequest:SendTestRunStatsChange: Starting.
TpTrace Verbose: 0 : 42888, 11, 2024/02/24, 10:59:02.332, 5459887353932, vstest.console.dll, MulticastDelegateUtilities.SafeInvoke: TestRun.RunStatsChanged: Invoking callbacks was skipped because there are no subscribers.
TpTrace Information: 0 : 42888, 11, 2024/02/24, 10:59:02.332, 5459887357116, vstest.console.dll, TestRunRequest:SendTestRunStatsChange: Completed.
TpTrace Verbose: 0 : 42888, 11, 2024/02/24, 10:59:02.334, 5459887372982, vstest.console.dll, ParallelProxyExecutionManager: HandlePartialRunComplete: Total workloads = 1, Total started clients = 1 Total completed clients = 1, Run complete = True, Run canceled: False.
TpTrace Verbose: 0 : 42888, 11, 2024/02/24, 10:59:02.334, 5459887375516, vstest.console.dll, ParallelProxyExecutionManager: HandlePartialRunComplete: All runs completed stopping all managers.
TpTrace Verbose: 0 : 42888, 11, 2024/02/24, 10:59:02.334, 5459887377084, vstest.console.dll, ParallelOperationManager.StopAllManagers: Stopping all managers.
TpTrace Verbose: 0 : 42888, 11, 2024/02/24, 10:59:02.334, 5459887378441, vstest.console.dll, ParallelOperationManager.ClearSlots: Clearing all slots. Slots should accept more work: False
TpTrace Verbose: 0 : 42888, 11, 2024/02/24, 10:59:02.334, 5459887380389, vstest.console.dll, ParallelOperationManager.SetOccupiedSlotCount: Setting slot counts AvailableSlotCount = 1, OccupiedSlotCount = 0.
TpTrace Verbose: 0 : 42888, 11, 2024/02/24, 10:59:02.335, 5459887382845, vstest.console.dll, Occupied slots:

TpTrace Verbose: 0 : 42888, 4, 2024/02/24, 10:59:02.339, 5459887428697, vstest.console.dll, MulticastDelegateUtilities.SafeInvoke: InternalTestLoggerEvents.SendTestResult: Invoking callback 1/1 for Microsoft.VisualStudio.TestPlatform.CommandLine.Internal.ConsoleLogger., took 7 ms.
TpTrace Verbose: 0 : 42888, 4, 2024/02/24, 10:59:02.340, 5459887441573, vstest.console.dll, MulticastDelegateUtilities.SafeInvoke: InternalTestLoggerEvents.SendTestResult: Invoking callback 1/1 for Microsoft.VisualStudio.TestPlatform.CommandLine.Internal.ConsoleLogger., took 1 ms.
TpTrace Verbose: 0 : 42888, 4, 2024/02/24, 10:59:02.367, 5459887705223, vstest.console.dll, MulticastDelegateUtilities.SafeInvoke: InternalTestLoggerEvents.SendTestRunComplete: Invoking callback 1/2 for Microsoft.TestPlatform.Extensions.BlameDataCollector.BlameLogger., took 0 ms.
TpTrace Verbose: 0 : 42888, 4, 2024/02/24, 10:59:02.384, 5459887875757, vstest.console.dll, MulticastDelegateUtilities.SafeInvoke: InternalTestLoggerEvents.SendTestRunComplete: Invoking callback 2/2 for Microsoft.VisualStudio.TestPlatform.CommandLine.Internal.ConsoleLogger., took 16 ms.
TpTrace Verbose: 0 : 42888, 11, 2024/02/24, 10:59:02.385, 5459887884499, vstest.console.dll, TestRunRequest:TestRunComplete: Starting. IsAborted:False IsCanceled:False.
TpTrace Verbose: 0 : 42888, 11, 2024/02/24, 10:59:02.385, 5459887889877, vstest.console.dll, ParallelOperationManager.DoActionOnAllManagers: Calling an action on all managers.
TpTrace Verbose: 0 : 42888, 11, 2024/02/24, 10:59:02.388, 5459887921048, vstest.console.dll, TestLoggerManager.HandleTestRunComplete: Ignoring as the object is disposed.
TpTrace Verbose: 0 : 42888, 11, 2024/02/24, 10:59:02.389, 5459887928195, vstest.console.dll, MulticastDelegateUtilities.SafeInvoke: TestRun.TestRunComplete: Invoking callback 1/2 for Microsoft.VisualStudio.TestPlatform.CommandLine.TestRunResultAggregator., took 0 ms.
TpTrace Verbose: 0 : 42888, 11, 2024/02/24, 10:59:02.390, 5459887932362, vstest.console.dll, MulticastDelegateUtilities.SafeInvoke: TestRun.TestRunComplete: Invoking callback 2/2 for Microsoft.VisualStudio.TestPlatform.CommandLine.Processors.RunTestsArgumentExecutor+TestRunRequestEventsRegistrar., took 0 ms.
TpTrace Information: 0 : 42888, 11, 2024/02/24, 10:59:02.390, 5459887936093, vstest.console.dll, TestRunRequest:TestRunComplete: Completed.
TpTrace Verbose: 0 : 42888, 1, 2024/02/24, 10:59:02.390, 5459887936324, vstest.console.dll, TestRunRequest.Dispose: Starting.
TpTrace Information: 0 : 42888, 1, 2024/02/24, 10:59:02.390, 5459887940489, vstest.console.dll, TestRunRequest.Dispose: Completed.
TpTrace Information: 0 : 42888, 1, 2024/02/24, 10:59:02.391, 5459887943265, vstest.console.dll, TestRequestManager.RunTests: run tests completed.
TpTrace Verbose: 0 : 42888, 11, 2024/02/24, 10:59:02.390, 5459887937893, vstest.console.dll, TestRequestSender.SetOperationComplete: Setting operation complete.
TpTrace Information: 0 : 42888, 1, 2024/02/24, 10:59:02.391, 5459887947210, vstest.console.dll, RunTestsArgumentProcessor:Execute: Test run is completed.
TpTrace Information: 0 : 42888, 11, 2024/02/24, 10:59:02.391, 5459887948764, vstest.console.dll, SocketServer.Stop: Stop server endPoint: 127.0.0.1:49798
TpTrace Information: 0 : 42888, 11, 2024/02/24, 10:59:02.391, 5459887951021, vstest.console.dll, SocketServer.Stop: Cancellation requested. Stopping message loop.
TpTrace Verbose: 0 : 42888, 11, 2024/02/24, 10:59:02.392, 5459887952515, vstest.console.dll, MulticastDelegateUtilities.SafeInvoke: LengthPrefixCommunicationChannel: MessageReceived: Invoking callback 1/1 for Microsoft.VisualStudio.TestPlatform.CommunicationUtilities.TestRequestSender+<>c__DisplayClass34_0., took 340 ms.
TpTrace Verbose: 0 : 42888, 1, 2024/02/24, 10:59:02.392, 5459887952826, vstest.console.dll, Executor.Execute: Exiting with exit code of 1
TpTrace Information: 0 : 42888, 11, 2024/02/24, 10:59:02.392, 5459887954370, vstest.console.dll, SocketServer.PrivateStop: Stopping server endPoint: 127.0.0.1:49798 error: 
